{"/home/douglas/Documentos/Portfólio/Huron/Sistema de gestão para academia/src/hooks/useDataList.ts": {"path":"/home/douglas/Documentos/Portfólio/Huron/Sistema de gestão para academia/src/hooks/useDataList.ts","statementMap":{"0":{"start":{"line":42,"column":6},"end":{"line":42,"column":null}},"1":{"start":{"line":45,"column":8},"end":{"line":45,"column":null}},"2":{"start":{"line":48,"column":8},"end":{"line":48,"column":null}},"3":{"start":{"line":51,"column":8},"end":{"line":51,"column":null}},"4":{"start":{"line":54,"column":8},"end":{"line":54,"column":null}},"5":{"start":{"line":57,"column":2},"end":{"line":91,"column":null}}},"fnMap":{"0":{"name":"useDataList","decl":{"start":{"line":31,"column":16},"end":{"line":31,"column":null}},"loc":{"start":{"line":34,"column":2},"end":{"line":92,"column":null}},"line":34}},"branchMap":{"0":{"loc":{"start":{"line":33,"column":2},"end":{"line":33,"column":null}},"type":"default-arg","locations":[{"start":{"line":33,"column":35},"end":{"line":33,"column":null}}],"line":33},"1":{"loc":{"start":{"line":36,"column":4},"end":{"line":36,"column":null}},"type":"default-arg","locations":[{"start":{"line":36,"column":19},"end":{"line":36,"column":null}}],"line":36},"2":{"loc":{"start":{"line":37,"column":4},"end":{"line":37,"column":null}},"type":"default-arg","locations":[{"start":{"line":37,"column":19},"end":{"line":37,"column":null}}],"line":37},"3":{"loc":{"start":{"line":38,"column":4},"end":{"line":38,"column":null}},"type":"default-arg","locations":[{"start":{"line":38,"column":23},"end":{"line":38,"column":null}}],"line":38},"4":{"loc":{"start":{"line":39,"column":4},"end":{"line":39,"column":null}},"type":"default-arg","locations":[{"start":{"line":39,"column":21},"end":{"line":39,"column":null}}],"line":39},"5":{"loc":{"start":{"line":40,"column":4},"end":{"line":40,"column":null}},"type":"default-arg","locations":[{"start":{"line":40,"column":15},"end":{"line":40,"column":null}}],"line":40},"6":{"loc":{"start":{"line":41,"column":4},"end":{"line":41,"column":null}},"type":"default-arg","locations":[{"start":{"line":41,"column":21},"end":{"line":41,"column":null}}],"line":41}},"s":{"0":33,"1":33,"2":33,"3":33,"4":33,"5":33},"f":{"0":33},"b":{"0":[33],"1":[33],"2":[33],"3":[33],"4":[33],"5":[33],"6":[33]},"meta":{"lastBranch":7,"lastFunction":1,"lastStatement":6,"seen":{"f:31:16:31:Infinity":0,"b:33:35:33:Infinity":0,"s:42:6:42:Infinity":0,"b:36:19:36:Infinity":1,"b:37:19:37:Infinity":2,"b:38:23:38:Infinity":3,"b:39:21:39:Infinity":4,"b:40:15:40:Infinity":5,"b:41:21:41:Infinity":6,"s:45:8:45:Infinity":1,"s:48:8:48:Infinity":2,"s:51:8:51:Infinity":3,"s:54:8:54:Infinity":4,"s:57:2:91:Infinity":5}}}
,"/home/douglas/Documentos/Portfólio/Huron/Sistema de gestão para academia/src/hooks/useFilter.ts": {"path":"/home/douglas/Documentos/Portfólio/Huron/Sistema de gestão para academia/src/hooks/useFilter.ts","statementMap":{"0":{"start":{"line":13,"column":28},"end":{"line":13,"column":null}},"1":{"start":{"line":15,"column":8},"end":{"line":17,"column":null}},"2":{"start":{"line":16,"column":4},"end":{"line":16,"column":null}},"3":{"start":{"line":16,"column":26},"end":{"line":16,"column":52}},"4":{"start":{"line":19,"column":8},"end":{"line":25,"column":null}},"5":{"start":{"line":20,"column":4},"end":{"line":24,"column":null}},"6":{"start":{"line":21,"column":25},"end":{"line":21,"column":null}},"7":{"start":{"line":22,"column":6},"end":{"line":22,"column":null}},"8":{"start":{"line":23,"column":6},"end":{"line":23,"column":null}},"9":{"start":{"line":27,"column":8},"end":{"line":29,"column":null}},"10":{"start":{"line":28,"column":4},"end":{"line":28,"column":null}},"11":{"start":{"line":31,"column":8},"end":{"line":47,"column":null}},"12":{"start":{"line":32,"column":4},"end":{"line":46,"column":null}},"13":{"start":{"line":33,"column":6},"end":{"line":45,"column":null}},"14":{"start":{"line":34,"column":8},"end":{"line":34,"column":null}},"15":{"start":{"line":34,"column":67},"end":{"line":34,"column":null}},"16":{"start":{"line":36,"column":26},"end":{"line":36,"column":null}},"17":{"start":{"line":39,"column":8},"end":{"line":41,"column":null}},"18":{"start":{"line":40,"column":10},"end":{"line":40,"column":null}},"19":{"start":{"line":44,"column":8},"end":{"line":44,"column":null}},"20":{"start":{"line":49,"column":2},"end":{"line":56,"column":null}}},"fnMap":{"0":{"name":"useFilter","decl":{"start":{"line":9,"column":16},"end":{"line":9,"column":null}},"loc":{"start":{"line":12,"column":2},"end":{"line":57,"column":null}},"line":12},"1":{"name":"(anonymous_1)","decl":{"start":{"line":15,"column":32},"end":{"line":15,"column":33}},"loc":{"start":{"line":15,"column":61},"end":{"line":17,"column":5}},"line":15},"2":{"name":"(anonymous_2)","decl":{"start":{"line":16,"column":15},"end":{"line":16,"column":16}},"loc":{"start":{"line":16,"column":26},"end":{"line":16,"column":52}},"line":16},"3":{"name":"(anonymous_3)","decl":{"start":{"line":19,"column":35},"end":{"line":19,"column":36}},"loc":{"start":{"line":19,"column":52},"end":{"line":25,"column":5}},"line":19},"4":{"name":"(anonymous_4)","decl":{"start":{"line":20,"column":15},"end":{"line":20,"column":16}},"loc":{"start":{"line":20,"column":25},"end":{"line":24,"column":5}},"line":20},"5":{"name":"(anonymous_5)","decl":{"start":{"line":27,"column":35},"end":{"line":27,"column":41}},"loc":{"start":{"line":27,"column":41},"end":{"line":29,"column":5}},"line":27},"6":{"name":"(anonymous_6)","decl":{"start":{"line":31,"column":27},"end":{"line":31,"column":33}},"loc":{"start":{"line":31,"column":33},"end":{"line":47,"column":5}},"line":31},"7":{"name":"(anonymous_7)","decl":{"start":{"line":32,"column":23},"end":{"line":32,"column":24}},"loc":{"start":{"line":32,"column":33},"end":{"line":46,"column":5}},"line":32},"8":{"name":"(anonymous_8)","decl":{"start":{"line":33,"column":43},"end":{"line":33,"column":44}},"loc":{"start":{"line":33,"column":61},"end":{"line":45,"column":7}},"line":33}},"branchMap":{"0":{"loc":{"start":{"line":11,"column":2},"end":{"line":11,"column":null}},"type":"default-arg","locations":[{"start":{"line":11,"column":40},"end":{"line":11,"column":null}}],"line":11},"1":{"loc":{"start":{"line":34,"column":8},"end":{"line":34,"column":null}},"type":"if","locations":[{"start":{"line":34,"column":8},"end":{"line":34,"column":null}},{"start":{},"end":{}}],"line":34},"2":{"loc":{"start":{"line":34,"column":12},"end":{"line":34,"column":67}},"type":"binary-expr","locations":[{"start":{"line":34,"column":12},"end":{"line":34,"column":35}},{"start":{"line":34,"column":35},"end":{"line":34,"column":53}},{"start":{"line":34,"column":53},"end":{"line":34,"column":67}}],"line":34},"3":{"loc":{"start":{"line":39,"column":8},"end":{"line":41,"column":null}},"type":"if","locations":[{"start":{"line":39,"column":8},"end":{"line":41,"column":null}},{"start":{},"end":{}}],"line":39}},"s":{"0":62,"1":62,"2":8,"3":8,"4":62,"5":5,"6":5,"7":5,"8":5,"9":62,"10":1,"11":62,"12":43,"13":256,"14":86,"15":0,"16":86,"17":86,"18":0,"19":86,"20":62},"f":{"0":62,"1":8,"2":8,"3":5,"4":5,"5":1,"6":43,"7":256,"8":86},"b":{"0":[62],"1":[0,86],"2":[86,86,86],"3":[0,86]},"meta":{"lastBranch":4,"lastFunction":9,"lastStatement":21,"seen":{"f:9:16:9:Infinity":0,"b:11:40:11:Infinity":0,"s:13:28:13:Infinity":0,"s:15:8:17:Infinity":1,"f:15:32:15:33":1,"s:16:4:16:Infinity":2,"f:16:15:16:16":2,"s:16:26:16:52":3,"s:19:8:25:Infinity":4,"f:19:35:19:36":3,"s:20:4:24:Infinity":5,"f:20:15:20:16":4,"s:21:25:21:Infinity":6,"s:22:6:22:Infinity":7,"s:23:6:23:Infinity":8,"s:27:8:29:Infinity":9,"f:27:35:27:41":5,"s:28:4:28:Infinity":10,"s:31:8:47:Infinity":11,"f:31:27:31:33":6,"s:32:4:46:Infinity":12,"f:32:23:32:24":7,"s:33:6:45:Infinity":13,"f:33:43:33:44":8,"b:34:8:34:Infinity:undefined:undefined:undefined:undefined":1,"s:34:8:34:Infinity":14,"b:34:12:34:35:34:35:34:53:34:53:34:67":2,"s:34:67:34:Infinity":15,"s:36:26:36:Infinity":16,"b:39:8:41:Infinity:undefined:undefined:undefined:undefined":3,"s:39:8:41:Infinity":17,"s:40:10:40:Infinity":18,"s:44:8:44:Infinity":19,"s:49:2:56:Infinity":20}}}
,"/home/douglas/Documentos/Portfólio/Huron/Sistema de gestão para academia/src/hooks/usePagination.ts": {"path":"/home/douglas/Documentos/Portfólio/Huron/Sistema de gestão para academia/src/hooks/usePagination.ts","statementMap":{"0":{"start":{"line":10,"column":36},"end":{"line":10,"column":null}},"1":{"start":{"line":12,"column":8},"end":{"line":14,"column":null}},"2":{"start":{"line":13,"column":4},"end":{"line":13,"column":null}},"3":{"start":{"line":16,"column":8},"end":{"line":20,"column":null}},"4":{"start":{"line":17,"column":10},"end":{"line":17,"column":null}},"5":{"start":{"line":18,"column":21},"end":{"line":18,"column":null}},"6":{"start":{"line":19,"column":4},"end":{"line":19,"column":null}},"7":{"start":{"line":22,"column":8},"end":{"line":28,"column":null}},"8":{"start":{"line":24,"column":24},"end":{"line":24,"column":null}},"9":{"start":{"line":25,"column":6},"end":{"line":25,"column":null}},"10":{"start":{"line":30,"column":8},"end":{"line":32,"column":null}},"11":{"start":{"line":31,"column":4},"end":{"line":31,"column":null}},"12":{"start":{"line":34,"column":8},"end":{"line":36,"column":null}},"13":{"start":{"line":35,"column":4},"end":{"line":35,"column":null}},"14":{"start":{"line":38,"column":8},"end":{"line":40,"column":null}},"15":{"start":{"line":39,"column":4},"end":{"line":39,"column":null}},"16":{"start":{"line":42,"column":22},"end":{"line":42,"column":null}},"17":{"start":{"line":43,"column":26},"end":{"line":43,"column":null}},"18":{"start":{"line":45,"column":2},"end":{"line":57,"column":null}}},"fnMap":{"0":{"name":"usePagination","decl":{"start":{"line":9,"column":16},"end":{"line":9,"column":33}},"loc":{"start":{"line":9,"column":67},"end":{"line":58,"column":null}},"line":9},"1":{"name":"(anonymous_1)","decl":{"start":{"line":12,"column":29},"end":{"line":12,"column":35}},"loc":{"start":{"line":12,"column":35},"end":{"line":14,"column":5}},"line":12},"2":{"name":"(anonymous_2)","decl":{"start":{"line":16,"column":32},"end":{"line":16,"column":38}},"loc":{"start":{"line":16,"column":38},"end":{"line":20,"column":5}},"line":16},"3":{"name":"(anonymous_3)","decl":{"start":{"line":23,"column":4},"end":{"line":23,"column":5}},"loc":{"start":{"line":23,"column":22},"end":{"line":26,"column":null}},"line":23},"4":{"name":"(anonymous_4)","decl":{"start":{"line":30,"column":31},"end":{"line":30,"column":37}},"loc":{"start":{"line":30,"column":37},"end":{"line":32,"column":5}},"line":30},"5":{"name":"(anonymous_5)","decl":{"start":{"line":34,"column":35},"end":{"line":34,"column":41}},"loc":{"start":{"line":34,"column":41},"end":{"line":36,"column":5}},"line":34},"6":{"name":"(anonymous_6)","decl":{"start":{"line":38,"column":32},"end":{"line":38,"column":38}},"loc":{"start":{"line":38,"column":38},"end":{"line":40,"column":5}},"line":38}},"branchMap":{"0":{"loc":{"start":{"line":9,"column":44},"end":{"line":9,"column":67}},"type":"default-arg","locations":[{"start":{"line":9,"column":63},"end":{"line":9,"column":67}}],"line":9}},"s":{"0":59,"1":59,"2":36,"3":59,"4":58,"5":58,"6":58,"7":59,"8":19,"9":19,"10":59,"11":4,"12":59,"13":3,"14":59,"15":0,"16":59,"17":59,"18":59},"f":{"0":59,"1":36,"2":58,"3":19,"4":4,"5":3,"6":0},"b":{"0":[59]},"meta":{"lastBranch":1,"lastFunction":7,"lastStatement":19,"seen":{"f:9:16:9:33":0,"b:9:63:9:67":0,"s:10:36:10:Infinity":0,"s:12:8:14:Infinity":1,"f:12:29:12:35":1,"s:13:4:13:Infinity":2,"s:16:8:20:Infinity":3,"f:16:32:16:38":2,"s:17:10:17:Infinity":4,"s:18:21:18:Infinity":5,"s:19:4:19:Infinity":6,"s:22:8:28:Infinity":7,"f:23:4:23:5":3,"s:24:24:24:Infinity":8,"s:25:6:25:Infinity":9,"s:30:8:32:Infinity":10,"f:30:31:30:37":4,"s:31:4:31:Infinity":11,"s:34:8:36:Infinity":12,"f:34:35:34:41":5,"s:35:4:35:Infinity":13,"s:38:8:40:Infinity":14,"f:38:32:38:38":6,"s:39:4:39:Infinity":15,"s:42:22:42:Infinity":16,"s:43:26:43:Infinity":17,"s:45:2:57:Infinity":18}}}
,"/home/douglas/Documentos/Portfólio/Huron/Sistema de gestão para academia/src/hooks/useSearch.ts": {"path":"/home/douglas/Documentos/Portfólio/Huron/Sistema de gestão para academia/src/hooks/useSearch.ts","statementMap":{"0":{"start":{"line":13,"column":34},"end":{"line":13,"column":null}},"1":{"start":{"line":15,"column":8},"end":{"line":31,"column":null}},"2":{"start":{"line":16,"column":4},"end":{"line":18,"column":null}},"3":{"start":{"line":17,"column":6},"end":{"line":17,"column":null}},"4":{"start":{"line":20,"column":17},"end":{"line":20,"column":null}},"5":{"start":{"line":22,"column":4},"end":{"line":30,"column":null}},"6":{"start":{"line":23,"column":6},"end":{"line":29,"column":null}},"7":{"start":{"line":24,"column":22},"end":{"line":24,"column":null}},"8":{"start":{"line":25,"column":8},"end":{"line":25,"column":null}},"9":{"start":{"line":25,"column":51},"end":{"line":25,"column":null}},"10":{"start":{"line":27,"column":28},"end":{"line":27,"column":null}},"11":{"start":{"line":28,"column":8},"end":{"line":28,"column":null}},"12":{"start":{"line":33,"column":8},"end":{"line":35,"column":null}},"13":{"start":{"line":34,"column":4},"end":{"line":34,"column":null}},"14":{"start":{"line":37,"column":8},"end":{"line":39,"column":null}},"15":{"start":{"line":38,"column":4},"end":{"line":38,"column":null}},"16":{"start":{"line":41,"column":2},"end":{"line":47,"column":null}}},"fnMap":{"0":{"name":"useSearch","decl":{"start":{"line":9,"column":16},"end":{"line":9,"column":null}},"loc":{"start":{"line":12,"column":2},"end":{"line":48,"column":null}},"line":12},"1":{"name":"(anonymous_1)","decl":{"start":{"line":15,"column":26},"end":{"line":15,"column":32}},"loc":{"start":{"line":15,"column":32},"end":{"line":31,"column":5}},"line":15},"2":{"name":"(anonymous_2)","decl":{"start":{"line":22,"column":23},"end":{"line":22,"column":24}},"loc":{"start":{"line":22,"column":33},"end":{"line":30,"column":5}},"line":22},"3":{"name":"(anonymous_3)","decl":{"start":{"line":23,"column":31},"end":{"line":23,"column":32}},"loc":{"start":{"line":23,"column":42},"end":{"line":29,"column":7}},"line":23},"4":{"name":"(anonymous_4)","decl":{"start":{"line":33,"column":35},"end":{"line":33,"column":36}},"loc":{"start":{"line":33,"column":53},"end":{"line":35,"column":5}},"line":33},"5":{"name":"(anonymous_5)","decl":{"start":{"line":37,"column":34},"end":{"line":37,"column":40}},"loc":{"start":{"line":37,"column":40},"end":{"line":39,"column":5}},"line":37}},"branchMap":{"0":{"loc":{"start":{"line":11,"column":2},"end":{"line":11,"column":null}},"type":"default-arg","locations":[{"start":{"line":11,"column":30},"end":{"line":11,"column":null}}],"line":11},"1":{"loc":{"start":{"line":16,"column":4},"end":{"line":18,"column":null}},"type":"if","locations":[{"start":{"line":16,"column":4},"end":{"line":18,"column":null}},{"start":{},"end":{}}],"line":16},"2":{"loc":{"start":{"line":16,"column":8},"end":{"line":16,"column":57}},"type":"binary-expr","locations":[{"start":{"line":16,"column":8},"end":{"line":16,"column":30}},{"start":{"line":16,"column":30},"end":{"line":16,"column":57}}],"line":16},"3":{"loc":{"start":{"line":25,"column":8},"end":{"line":25,"column":null}},"type":"if","locations":[{"start":{"line":25,"column":8},"end":{"line":25,"column":null}},{"start":{},"end":{}}],"line":25},"4":{"loc":{"start":{"line":25,"column":12},"end":{"line":25,"column":51}},"type":"binary-expr","locations":[{"start":{"line":25,"column":12},"end":{"line":25,"column":30}},{"start":{"line":25,"column":30},"end":{"line":25,"column":51}}],"line":25}},"s":{"0":53,"1":53,"2":53,"3":35,"4":18,"5":18,"6":126,"7":130,"8":130,"9":0,"10":130,"11":130,"12":53,"13":16,"14":53,"15":5,"16":53},"f":{"0":53,"1":53,"2":126,"3":130,"4":16,"5":5},"b":{"0":[53],"1":[35,18],"2":[53,18],"3":[0,130],"4":[130,130]},"meta":{"lastBranch":5,"lastFunction":6,"lastStatement":17,"seen":{"f:9:16:9:Infinity":0,"b:11:30:11:Infinity":0,"s:13:34:13:Infinity":0,"s:15:8:31:Infinity":1,"f:15:26:15:32":1,"b:16:4:18:Infinity:undefined:undefined:undefined:undefined":1,"s:16:4:18:Infinity":2,"b:16:8:16:30:16:30:16:57":2,"s:17:6:17:Infinity":3,"s:20:17:20:Infinity":4,"s:22:4:30:Infinity":5,"f:22:23:22:24":2,"s:23:6:29:Infinity":6,"f:23:31:23:32":3,"s:24:22:24:Infinity":7,"b:25:8:25:Infinity:undefined:undefined:undefined:undefined":3,"s:25:8:25:Infinity":8,"b:25:12:25:30:25:30:25:51":4,"s:25:51:25:Infinity":9,"s:27:28:27:Infinity":10,"s:28:8:28:Infinity":11,"s:33:8:35:Infinity":12,"f:33:35:33:36":4,"s:34:4:34:Infinity":13,"s:37:8:39:Infinity":14,"f:37:34:37:40":5,"s:38:4:38:Infinity":15,"s:41:2:47:Infinity":16}}}
,"/home/douglas/Documentos/Portfólio/Huron/Sistema de gestão para academia/src/hooks/useSort.ts": {"path":"/home/douglas/Documentos/Portfólio/Huron/Sistema de gestão para academia/src/hooks/useSort.ts","statementMap":{"0":{"start":{"line":17,"column":32},"end":{"line":17,"column":null}},"1":{"start":{"line":18,"column":28},"end":{"line":18,"column":null}},"2":{"start":{"line":20,"column":8},"end":{"line":47,"column":null}},"3":{"start":{"line":21,"column":4},"end":{"line":21,"column":null}},"4":{"start":{"line":21,"column":20},"end":{"line":21,"column":null}},"5":{"start":{"line":23,"column":4},"end":{"line":46,"column":null}},"6":{"start":{"line":24,"column":21},"end":{"line":24,"column":null}},"7":{"start":{"line":25,"column":21},"end":{"line":25,"column":null}},"8":{"start":{"line":28,"column":6},"end":{"line":32,"column":null}},"9":{"start":{"line":29,"column":8},"end":{"line":31,"column":null}},"10":{"start":{"line":35,"column":6},"end":{"line":39,"column":null}},"11":{"start":{"line":36,"column":8},"end":{"line":38,"column":null}},"12":{"start":{"line":41,"column":6},"end":{"line":43,"column":null}},"13":{"start":{"line":42,"column":8},"end":{"line":42,"column":null}},"14":{"start":{"line":45,"column":6},"end":{"line":45,"column":null}},"15":{"start":{"line":49,"column":8},"end":{"line":60,"column":null}},"16":{"start":{"line":50,"column":4},"end":{"line":59,"column":null}},"17":{"start":{"line":51,"column":6},"end":{"line":55,"column":null}},"18":{"start":{"line":53,"column":8},"end":{"line":53,"column":null}},"19":{"start":{"line":53,"column":33},"end":{"line":53,"column":68}},"20":{"start":{"line":54,"column":8},"end":{"line":54,"column":null}},"21":{"start":{"line":57,"column":6},"end":{"line":57,"column":null}},"22":{"start":{"line":58,"column":6},"end":{"line":58,"column":null}},"23":{"start":{"line":62,"column":8},"end":{"line":65,"column":null}},"24":{"start":{"line":63,"column":4},"end":{"line":63,"column":null}},"25":{"start":{"line":64,"column":4},"end":{"line":64,"column":null}},"26":{"start":{"line":67,"column":2},"end":{"line":75,"column":null}}},"fnMap":{"0":{"name":"useSort","decl":{"start":{"line":12,"column":16},"end":{"line":12,"column":null}},"loc":{"start":{"line":16,"column":2},"end":{"line":76,"column":null}},"line":16},"1":{"name":"(anonymous_1)","decl":{"start":{"line":20,"column":25},"end":{"line":20,"column":31}},"loc":{"start":{"line":20,"column":31},"end":{"line":47,"column":5}},"line":20},"2":{"name":"(anonymous_2)","decl":{"start":{"line":23,"column":26},"end":{"line":23,"column":27}},"loc":{"start":{"line":23,"column":36},"end":{"line":46,"column":5}},"line":23},"3":{"name":"(anonymous_3)","decl":{"start":{"line":49,"column":33},"end":{"line":49,"column":34}},"loc":{"start":{"line":49,"column":53},"end":{"line":60,"column":5}},"line":49},"4":{"name":"(anonymous_4)","decl":{"start":{"line":50,"column":17},"end":{"line":50,"column":18}},"loc":{"start":{"line":50,"column":27},"end":{"line":59,"column":5}},"line":50},"5":{"name":"(anonymous_5)","decl":{"start":{"line":53,"column":19},"end":{"line":53,"column":20}},"loc":{"start":{"line":53,"column":33},"end":{"line":53,"column":68}},"line":53},"6":{"name":"(anonymous_6)","decl":{"start":{"line":62,"column":32},"end":{"line":62,"column":38}},"loc":{"start":{"line":62,"column":38},"end":{"line":65,"column":5}},"line":62}},"branchMap":{"0":{"loc":{"start":{"line":15,"column":2},"end":{"line":15,"column":null}},"type":"default-arg","locations":[{"start":{"line":15,"column":36},"end":{"line":15,"column":null}}],"line":15},"1":{"loc":{"start":{"line":17,"column":61},"end":{"line":17,"column":81}},"type":"binary-expr","locations":[{"start":{"line":17,"column":61},"end":{"line":17,"column":77}},{"start":{"line":17,"column":77},"end":{"line":17,"column":81}}],"line":17},"2":{"loc":{"start":{"line":21,"column":4},"end":{"line":21,"column":null}},"type":"if","locations":[{"start":{"line":21,"column":4},"end":{"line":21,"column":null}},{"start":{},"end":{}}],"line":21},"3":{"loc":{"start":{"line":28,"column":6},"end":{"line":32,"column":null}},"type":"if","locations":[{"start":{"line":28,"column":6},"end":{"line":32,"column":null}},{"start":{},"end":{}}],"line":28},"4":{"loc":{"start":{"line":28,"column":10},"end":{"line":28,"column":60}},"type":"binary-expr","locations":[{"start":{"line":28,"column":10},"end":{"line":28,"column":36}},{"start":{"line":28,"column":36},"end":{"line":28,"column":60}}],"line":28},"5":{"loc":{"start":{"line":29,"column":15},"end":{"line":31,"column":null}},"type":"cond-expr","locations":[{"start":{"line":30,"column":12},"end":{"line":30,"column":null}},{"start":{"line":31,"column":12},"end":{"line":31,"column":null}}],"line":29},"6":{"loc":{"start":{"line":35,"column":6},"end":{"line":39,"column":null}},"type":"if","locations":[{"start":{"line":35,"column":6},"end":{"line":39,"column":null}},{"start":{},"end":{}}],"line":35},"7":{"loc":{"start":{"line":35,"column":10},"end":{"line":35,"column":68}},"type":"binary-expr","locations":[{"start":{"line":35,"column":10},"end":{"line":35,"column":40}},{"start":{"line":35,"column":40},"end":{"line":35,"column":68}}],"line":35},"8":{"loc":{"start":{"line":36,"column":15},"end":{"line":38,"column":null}},"type":"cond-expr","locations":[{"start":{"line":37,"column":12},"end":{"line":37,"column":null}},{"start":{"line":38,"column":12},"end":{"line":38,"column":null}}],"line":36},"9":{"loc":{"start":{"line":41,"column":6},"end":{"line":43,"column":null}},"type":"if","locations":[{"start":{"line":41,"column":6},"end":{"line":43,"column":null}},{"start":{},"end":{}}],"line":41},"10":{"loc":{"start":{"line":41,"column":10},"end":{"line":41,"column":68}},"type":"binary-expr","locations":[{"start":{"line":41,"column":10},"end":{"line":41,"column":40}},{"start":{"line":41,"column":40},"end":{"line":41,"column":68}}],"line":41},"11":{"loc":{"start":{"line":42,"column":15},"end":{"line":42,"column":null}},"type":"cond-expr","locations":[{"start":{"line":42,"column":35},"end":{"line":42,"column":53}},{"start":{"line":42,"column":53},"end":{"line":42,"column":null}}],"line":42},"12":{"loc":{"start":{"line":51,"column":6},"end":{"line":55,"column":null}},"type":"if","locations":[{"start":{"line":51,"column":6},"end":{"line":55,"column":null}},{"start":{},"end":{}}],"line":51},"13":{"loc":{"start":{"line":53,"column":33},"end":{"line":53,"column":68}},"type":"cond-expr","locations":[{"start":{"line":53,"column":53},"end":{"line":53,"column":62}},{"start":{"line":53,"column":62},"end":{"line":53,"column":68}}],"line":53}},"s":{"0":51,"1":51,"2":51,"3":46,"4":20,"5":26,"6":318,"7":318,"8":318,"9":11,"10":307,"11":290,"12":17,"13":17,"14":0,"15":51,"16":4,"17":4,"18":3,"19":3,"20":3,"21":1,"22":1,"23":51,"24":4,"25":4,"26":51},"f":{"0":51,"1":46,"2":318,"3":4,"4":4,"5":3,"6":4},"b":{"0":[51],"1":[51,20],"2":[20,26],"3":[11,307],"4":[318,11],"5":[5,6],"6":[290,17],"7":[307,290],"8":[195,95],"9":[17,0],"10":[17,17],"11":[12,5],"12":[3,1],"13":[3,0]},"meta":{"lastBranch":14,"lastFunction":7,"lastStatement":27,"seen":{"f:12:16:12:Infinity":0,"b:15:36:15:Infinity":0,"s:17:32:17:Infinity":0,"b:17:61:17:77:17:77:17:81":1,"s:18:28:18:Infinity":1,"s:20:8:47:Infinity":2,"f:20:25:20:31":1,"b:21:4:21:Infinity:undefined:undefined:undefined:undefined":2,"s:21:4:21:Infinity":3,"s:21:20:21:Infinity":4,"s:23:4:46:Infinity":5,"f:23:26:23:27":2,"s:24:21:24:Infinity":6,"s:25:21:25:Infinity":7,"b:28:6:32:Infinity:undefined:undefined:undefined:undefined":3,"s:28:6:32:Infinity":8,"b:28:10:28:36:28:36:28:60":4,"s:29:8:31:Infinity":9,"b:30:12:30:Infinity:31:12:31:Infinity":5,"b:35:6:39:Infinity:undefined:undefined:undefined:undefined":6,"s:35:6:39:Infinity":10,"b:35:10:35:40:35:40:35:68":7,"s:36:8:38:Infinity":11,"b:37:12:37:Infinity:38:12:38:Infinity":8,"b:41:6:43:Infinity:undefined:undefined:undefined:undefined":9,"s:41:6:43:Infinity":12,"b:41:10:41:40:41:40:41:68":10,"s:42:8:42:Infinity":13,"b:42:35:42:53:42:53:42:Infinity":11,"s:45:6:45:Infinity":14,"s:49:8:60:Infinity":15,"f:49:33:49:34":3,"s:50:4:59:Infinity":16,"f:50:17:50:18":4,"b:51:6:55:Infinity:undefined:undefined:undefined:undefined":12,"s:51:6:55:Infinity":17,"s:53:8:53:Infinity":18,"f:53:19:53:20":5,"s:53:33:53:68":19,"b:53:53:53:62:53:62:53:68":13,"s:54:8:54:Infinity":20,"s:57:6:57:Infinity":21,"s:58:6:58:Infinity":22,"s:62:8:65:Infinity":23,"f:62:32:62:38":6,"s:63:4:63:Infinity":24,"s:64:4:64:Infinity":25,"s:67:2:75:Infinity":26}}}
,"/home/douglas/Documentos/Portfólio/Huron/Sistema de gestão para academia/src/schemas/appointment.schema.ts": {"path":"/home/douglas/Documentos/Portfólio/Huron/Sistema de gestão para academia/src/schemas/appointment.schema.ts","statementMap":{"0":{"start":{"line":3,"column":24},"end":{"line":9,"column":null}},"1":{"start":{"line":14,"column":33},"end":{"line":25,"column":null}},"2":{"start":{"line":32,"column":39},"end":{"line":34,"column":null}},"3":{"start":{"line":41,"column":39},"end":{"line":41,"column":null}},"4":{"start":{"line":48,"column":39},"end":{"line":48,"column":null}},"5":{"start":{"line":55,"column":39},"end":{"line":62,"column":null}},"6":{"start":{"line":69,"column":30},"end":{"line":74,"column":null}}},"fnMap":{},"branchMap":{},"s":{"0":4,"1":4,"2":4,"3":4,"4":4,"5":4,"6":4},"f":{},"b":{},"meta":{"lastBranch":0,"lastFunction":0,"lastStatement":7,"seen":{"s:3:24:9:Infinity":0,"s:14:33:25:Infinity":1,"s:32:39:34:Infinity":2,"s:41:39:41:Infinity":3,"s:48:39:48:Infinity":4,"s:55:39:62:Infinity":5,"s:69:30:74:Infinity":6}}}
,"/home/douglas/Documentos/Portfólio/Huron/Sistema de gestão para academia/src/schemas/athlete.schema.ts": {"path":"/home/douglas/Documentos/Portfólio/Huron/Sistema de gestão para academia/src/schemas/athlete.schema.ts","statementMap":{"0":{"start":{"line":4,"column":24},"end":{"line":10,"column":null}},"1":{"start":{"line":15,"column":29},"end":{"line":20,"column":null}},"2":{"start":{"line":27,"column":35},"end":{"line":32,"column":null}},"3":{"start":{"line":39,"column":35},"end":{"line":42,"column":null}},"4":{"start":{"line":49,"column":35},"end":{"line":53,"column":null}}},"fnMap":{},"branchMap":{},"s":{"0":4,"1":4,"2":4,"3":4,"4":4},"f":{},"b":{},"meta":{"lastBranch":0,"lastFunction":0,"lastStatement":5,"seen":{"s:4:24:10:Infinity":0,"s:15:29:20:Infinity":1,"s:27:35:32:Infinity":2,"s:39:35:42:Infinity":3,"s:49:35:53:Infinity":4}}}
,"/home/douglas/Documentos/Portfólio/Huron/Sistema de gestão para academia/src/schemas/auth.schema.ts": {"path":"/home/douglas/Documentos/Portfólio/Huron/Sistema de gestão para academia/src/schemas/auth.schema.ts","statementMap":{"0":{"start":{"line":6,"column":38},"end":{"line":9,"column":null}},"1":{"start":{"line":16,"column":30},"end":{"line":33,"column":null}},"2":{"start":{"line":40,"column":34},"end":{"line":42,"column":null}},"3":{"start":{"line":49,"column":32},"end":{"line":58,"column":null}}},"fnMap":{},"branchMap":{},"s":{"0":4,"1":4,"2":4,"3":4},"f":{},"b":{},"meta":{"lastBranch":0,"lastFunction":0,"lastStatement":4,"seen":{"s:6:38:9:Infinity":0,"s:16:30:33:Infinity":1,"s:40:34:42:Infinity":2,"s:49:32:58:Infinity":3}}}
,"/home/douglas/Documentos/Portfólio/Huron/Sistema de gestão para academia/src/schemas/index.ts": {"path":"/home/douglas/Documentos/Portfólio/Huron/Sistema de gestão para academia/src/schemas/index.ts","statementMap":{"0":{"start":{"line":7,"column":0},"end":{"line":7,"column":null}},"1":{"start":{"line":10,"column":0},"end":{"line":10,"column":null}},"2":{"start":{"line":13,"column":0},"end":{"line":13,"column":null}},"3":{"start":{"line":16,"column":0},"end":{"line":16,"column":null}},"4":{"start":{"line":19,"column":0},"end":{"line":19,"column":null}},"5":{"start":{"line":22,"column":0},"end":{"line":22,"column":null}}},"fnMap":{},"branchMap":{},"s":{"0":4,"1":4,"2":4,"3":4,"4":4,"5":4},"f":{},"b":{},"meta":{"lastBranch":0,"lastFunction":0,"lastStatement":6,"seen":{"s:7:0:7:Infinity":0,"s:10:0:10:Infinity":1,"s:13:0:13:Infinity":2,"s:16:0:16:Infinity":3,"s:19:0:19:Infinity":4,"s:22:0:22:Infinity":5}}}
,"/home/douglas/Documentos/Portfólio/Huron/Sistema de gestão para academia/src/schemas/news.schema.ts": {"path":"/home/douglas/Documentos/Portfólio/Huron/Sistema de gestão para academia/src/schemas/news.schema.ts","statementMap":{"0":{"start":{"line":3,"column":24},"end":{"line":9,"column":null}},"1":{"start":{"line":11,"column":21},"end":{"line":11,"column":null}},"2":{"start":{"line":16,"column":33},"end":{"line":26,"column":null}},"3":{"start":{"line":33,"column":39},"end":{"line":38,"column":null}},"4":{"start":{"line":45,"column":30},"end":{"line":61,"column":null}},"5":{"start":{"line":68,"column":36},"end":{"line":75,"column":null}},"6":{"start":{"line":82,"column":36},"end":{"line":82,"column":null}},"7":{"start":{"line":89,"column":32},"end":{"line":95,"column":null}}},"fnMap":{},"branchMap":{},"s":{"0":4,"1":4,"2":4,"3":4,"4":4,"5":4,"6":4,"7":4},"f":{},"b":{},"meta":{"lastBranch":0,"lastFunction":0,"lastStatement":8,"seen":{"s:3:24:9:Infinity":0,"s:11:21:11:Infinity":1,"s:16:33:26:Infinity":2,"s:33:39:38:Infinity":3,"s:45:30:61:Infinity":4,"s:68:36:75:Infinity":5,"s:82:36:82:Infinity":6,"s:89:32:95:Infinity":7}}}
,"/home/douglas/Documentos/Portfólio/Huron/Sistema de gestão para academia/src/schemas/profile.schema.ts": {"path":"/home/douglas/Documentos/Portfólio/Huron/Sistema de gestão para academia/src/schemas/profile.schema.ts","statementMap":{"0":{"start":{"line":3,"column":24},"end":{"line":9,"column":null}},"1":{"start":{"line":14,"column":31},"end":{"line":18,"column":null}},"2":{"start":{"line":25,"column":33},"end":{"line":28,"column":null}},"3":{"start":{"line":35,"column":35},"end":{"line":48,"column":null}},"4":{"start":{"line":55,"column":41},"end":{"line":55,"column":null}},"5":{"start":{"line":62,"column":41},"end":{"line":62,"column":null}},"6":{"start":{"line":69,"column":34},"end":{"line":77,"column":null}}},"fnMap":{},"branchMap":{},"s":{"0":4,"1":4,"2":4,"3":4,"4":4,"5":4,"6":4},"f":{},"b":{},"meta":{"lastBranch":0,"lastFunction":0,"lastStatement":7,"seen":{"s:3:24:9:Infinity":0,"s:14:31:18:Infinity":1,"s:25:33:28:Infinity":2,"s:35:35:48:Infinity":3,"s:55:41:55:Infinity":4,"s:62:41:62:Infinity":5,"s:69:34:77:Infinity":6}}}
,"/home/douglas/Documentos/Portfólio/Huron/Sistema de gestão para academia/src/schemas/user.schema.ts": {"path":"/home/douglas/Documentos/Portfólio/Huron/Sistema de gestão para academia/src/schemas/user.schema.ts","statementMap":{"0":{"start":{"line":3,"column":24},"end":{"line":9,"column":null}},"1":{"start":{"line":11,"column":21},"end":{"line":11,"column":null}},"2":{"start":{"line":13,"column":19},"end":{"line":18,"column":null}},"3":{"start":{"line":23,"column":29},"end":{"line":31,"column":null}},"4":{"start":{"line":38,"column":38},"end":{"line":42,"column":null}},"5":{"start":{"line":49,"column":30},"end":{"line":63,"column":null}},"6":{"start":{"line":68,"column":26},"end":{"line":68,"column":null}},"7":{"start":{"line":75,"column":29},"end":{"line":79,"column":null}},"8":{"start":{"line":86,"column":29},"end":{"line":89,"column":null}},"9":{"start":{"line":96,"column":29},"end":{"line":99,"column":null}},"10":{"start":{"line":106,"column":32},"end":{"line":106,"column":null}},"11":{"start":{"line":113,"column":32},"end":{"line":113,"column":null}}},"fnMap":{},"branchMap":{},"s":{"0":4,"1":4,"2":4,"3":4,"4":4,"5":4,"6":4,"7":4,"8":4,"9":4,"10":4,"11":4},"f":{},"b":{},"meta":{"lastBranch":0,"lastFunction":0,"lastStatement":12,"seen":{"s:3:24:9:Infinity":0,"s:11:21:11:Infinity":1,"s:13:19:18:Infinity":2,"s:23:29:31:Infinity":3,"s:38:38:42:Infinity":4,"s:49:30:63:Infinity":5,"s:68:26:68:Infinity":6,"s:75:29:79:Infinity":7,"s:86:29:89:Infinity":8,"s:96:29:99:Infinity":9,"s:106:32:106:Infinity":10,"s:113:32:113:Infinity":11}}}
,"/home/douglas/Documentos/Portfólio/Huron/Sistema de gestão para academia/src/services/appointments.service.ts": {"path":"/home/douglas/Documentos/Portfólio/Huron/Sistema de gestão para academia/src/services/appointments.service.ts","statementMap":{"0":{"start":{"line":12,"column":35},"end":{"line":308,"column":null}},"1":{"start":{"line":18,"column":4},"end":{"line":18,"column":null}},"2":{"start":{"line":25,"column":4},"end":{"line":25,"column":null}},"3":{"start":{"line":25,"column":35},"end":{"line":25,"column":78}},"4":{"start":{"line":32,"column":4},"end":{"line":37,"column":null}},"5":{"start":{"line":33,"column":6},"end":{"line":33,"column":null}},"6":{"start":{"line":35,"column":6},"end":{"line":35,"column":null}},"7":{"start":{"line":36,"column":6},"end":{"line":36,"column":null}},"8":{"start":{"line":44,"column":24},"end":{"line":44,"column":null}},"9":{"start":{"line":44,"column":53},"end":{"line":44,"column":64}},"10":{"start":{"line":45,"column":4},"end":{"line":45,"column":null}},"11":{"start":{"line":45,"column":22},"end":{"line":45,"column":null}},"12":{"start":{"line":46,"column":4},"end":{"line":51,"column":null}},"13":{"start":{"line":47,"column":6},"end":{"line":47,"column":null}},"14":{"start":{"line":49,"column":6},"end":{"line":49,"column":null}},"15":{"start":{"line":50,"column":6},"end":{"line":50,"column":null}},"16":{"start":{"line":58,"column":4},"end":{"line":63,"column":null}},"17":{"start":{"line":59,"column":6},"end":{"line":59,"column":null}},"18":{"start":{"line":59,"column":86},"end":{"line":59,"column":111}},"19":{"start":{"line":61,"column":6},"end":{"line":61,"column":null}},"20":{"start":{"line":62,"column":6},"end":{"line":62,"column":null}},"21":{"start":{"line":70,"column":4},"end":{"line":75,"column":null}},"22":{"start":{"line":71,"column":6},"end":{"line":71,"column":null}},"23":{"start":{"line":71,"column":86},"end":{"line":71,"column":111}},"24":{"start":{"line":73,"column":6},"end":{"line":73,"column":null}},"25":{"start":{"line":74,"column":6},"end":{"line":74,"column":null}},"26":{"start":{"line":82,"column":4},"end":{"line":87,"column":null}},"27":{"start":{"line":83,"column":6},"end":{"line":83,"column":null}},"28":{"start":{"line":83,"column":86},"end":{"line":83,"column":107}},"29":{"start":{"line":85,"column":6},"end":{"line":85,"column":null}},"30":{"start":{"line":86,"column":6},"end":{"line":86,"column":null}},"31":{"start":{"line":94,"column":4},"end":{"line":99,"column":null}},"32":{"start":{"line":95,"column":6},"end":{"line":95,"column":null}},"33":{"start":{"line":95,"column":80},"end":{"line":95,"column":109}},"34":{"start":{"line":97,"column":6},"end":{"line":97,"column":null}},"35":{"start":{"line":98,"column":6},"end":{"line":98,"column":null}},"36":{"start":{"line":106,"column":4},"end":{"line":106,"column":null}},"37":{"start":{"line":113,"column":18},"end":{"line":113,"column":null}},"38":{"start":{"line":114,"column":22},"end":{"line":114,"column":null}},"39":{"start":{"line":115,"column":4},"end":{"line":115,"column":null}},"40":{"start":{"line":116,"column":20},"end":{"line":116,"column":null}},"41":{"start":{"line":117,"column":4},"end":{"line":117,"column":null}},"42":{"start":{"line":119,"column":4},"end":{"line":119,"column":null}},"43":{"start":{"line":119,"column":36},"end":{"line":119,"column":97}},"44":{"start":{"line":126,"column":4},"end":{"line":136,"column":null}},"45":{"start":{"line":127,"column":18},"end":{"line":127,"column":null}},"46":{"start":{"line":128,"column":23},"end":{"line":131,"column":null}},"47":{"start":{"line":129,"column":17},"end":{"line":129,"column":71}},"48":{"start":{"line":130,"column":24},"end":{"line":130,"column":59}},"49":{"start":{"line":132,"column":6},"end":{"line":132,"column":null}},"50":{"start":{"line":134,"column":6},"end":{"line":134,"column":null}},"51":{"start":{"line":135,"column":6},"end":{"line":135,"column":null}},"52":{"start":{"line":145,"column":4},"end":{"line":150,"column":null}},"53":{"start":{"line":146,"column":6},"end":{"line":146,"column":null}},"54":{"start":{"line":146,"column":86},"end":{"line":146,"column":105}},"55":{"start":{"line":148,"column":6},"end":{"line":148,"column":null}},"56":{"start":{"line":149,"column":6},"end":{"line":149,"column":null}},"57":{"start":{"line":157,"column":18},"end":{"line":157,"column":null}},"58":{"start":{"line":158,"column":40},"end":{"line":161,"column":null}},"59":{"start":{"line":162,"column":4},"end":{"line":169,"column":null}},"60":{"start":{"line":163,"column":35},"end":{"line":163,"column":null}},"61":{"start":{"line":164,"column":6},"end":{"line":164,"column":null}},"62":{"start":{"line":165,"column":6},"end":{"line":165,"column":null}},"63":{"start":{"line":167,"column":6},"end":{"line":167,"column":null}},"64":{"start":{"line":168,"column":6},"end":{"line":168,"column":null}},"65":{"start":{"line":179,"column":29},"end":{"line":179,"column":null}},"66":{"start":{"line":179,"column":63},"end":{"line":179,"column":74}},"67":{"start":{"line":180,"column":4},"end":{"line":180,"column":null}},"68":{"start":{"line":180,"column":33},"end":{"line":180,"column":null}},"69":{"start":{"line":182,"column":31},"end":{"line":182,"column":null}},"70":{"start":{"line":183,"column":4},"end":{"line":190,"column":null}},"71":{"start":{"line":184,"column":35},"end":{"line":184,"column":null}},"72":{"start":{"line":185,"column":6},"end":{"line":185,"column":null}},"73":{"start":{"line":186,"column":6},"end":{"line":186,"column":null}},"74":{"start":{"line":188,"column":6},"end":{"line":188,"column":null}},"75":{"start":{"line":189,"column":6},"end":{"line":189,"column":null}},"76":{"start":{"line":197,"column":29},"end":{"line":197,"column":null}},"77":{"start":{"line":197,"column":63},"end":{"line":197,"column":74}},"78":{"start":{"line":198,"column":4},"end":{"line":198,"column":null}},"79":{"start":{"line":198,"column":33},"end":{"line":198,"column":null}},"80":{"start":{"line":199,"column":4},"end":{"line":199,"column":null}},"81":{"start":{"line":200,"column":4},"end":{"line":200,"column":null}},"82":{"start":{"line":207,"column":4},"end":{"line":207,"column":null}},"83":{"start":{"line":214,"column":4},"end":{"line":214,"column":null}},"84":{"start":{"line":221,"column":4},"end":{"line":221,"column":null}},"85":{"start":{"line":237,"column":4},"end":{"line":268,"column":null}},"86":{"start":{"line":238,"column":20},"end":{"line":238,"column":null}},"87":{"start":{"line":240,"column":6},"end":{"line":242,"column":null}},"88":{"start":{"line":241,"column":8},"end":{"line":241,"column":null}},"89":{"start":{"line":241,"column":40},"end":{"line":241,"column":69}},"90":{"start":{"line":244,"column":6},"end":{"line":246,"column":null}},"91":{"start":{"line":245,"column":8},"end":{"line":245,"column":null}},"92":{"start":{"line":245,"column":40},"end":{"line":245,"column":73}},"93":{"start":{"line":248,"column":6},"end":{"line":250,"column":null}},"94":{"start":{"line":249,"column":8},"end":{"line":249,"column":null}},"95":{"start":{"line":249,"column":40},"end":{"line":249,"column":73}},"96":{"start":{"line":252,"column":6},"end":{"line":254,"column":null}},"97":{"start":{"line":253,"column":8},"end":{"line":253,"column":null}},"98":{"start":{"line":253,"column":40},"end":{"line":253,"column":67}},"99":{"start":{"line":256,"column":6},"end":{"line":258,"column":null}},"100":{"start":{"line":257,"column":8},"end":{"line":257,"column":null}},"101":{"start":{"line":257,"column":34},"end":{"line":257,"column":74}},"102":{"start":{"line":260,"column":6},"end":{"line":262,"column":null}},"103":{"start":{"line":261,"column":8},"end":{"line":261,"column":null}},"104":{"start":{"line":261,"column":34},"end":{"line":261,"column":73}},"105":{"start":{"line":264,"column":6},"end":{"line":264,"column":null}},"106":{"start":{"line":266,"column":6},"end":{"line":266,"column":null}},"107":{"start":{"line":267,"column":6},"end":{"line":267,"column":null}},"108":{"start":{"line":275,"column":18},"end":{"line":275,"column":null}},"109":{"start":{"line":276,"column":22},"end":{"line":276,"column":null}},"110":{"start":{"line":276,"column":53},"end":{"line":276,"column":77}},"111":{"start":{"line":277,"column":22},"end":{"line":277,"column":null}},"112":{"start":{"line":277,"column":53},"end":{"line":277,"column":77}},"113":{"start":{"line":278,"column":22},"end":{"line":278,"column":null}},"114":{"start":{"line":278,"column":53},"end":{"line":278,"column":77}},"115":{"start":{"line":279,"column":18},"end":{"line":279,"column":null}},"116":{"start":{"line":280,"column":17},"end":{"line":280,"column":null}},"117":{"start":{"line":282,"column":4},"end":{"line":289,"column":null}},"118":{"start":{"line":296,"column":28},"end":{"line":296,"column":null}},"119":{"start":{"line":297,"column":51},"end":{"line":297,"column":null}},"120":{"start":{"line":299,"column":4},"end":{"line":304,"column":null}},"121":{"start":{"line":300,"column":6},"end":{"line":302,"column":null}},"122":{"start":{"line":301,"column":8},"end":{"line":301,"column":null}},"123":{"start":{"line":303,"column":6},"end":{"line":303,"column":null}},"124":{"start":{"line":306,"column":4},"end":{"line":306,"column":null}}},"fnMap":{"0":{"name":"(anonymous_0)","decl":{"start":{"line":17,"column":24},"end":{"line":17,"column":25}},"loc":{"start":{"line":17,"column":63},"end":{"line":19,"column":null}},"line":17},"1":{"name":"(anonymous_1)","decl":{"start":{"line":24,"column":25},"end":{"line":24,"column":26}},"loc":{"start":{"line":24,"column":69},"end":{"line":26,"column":null}},"line":24},"2":{"name":"(anonymous_2)","decl":{"start":{"line":25,"column":28},"end":{"line":25,"column":29}},"loc":{"start":{"line":25,"column":35},"end":{"line":25,"column":78}},"line":25},"3":{"name":"(anonymous_3)","decl":{"start":{"line":31,"column":22},"end":{"line":31,"column":43}},"loc":{"start":{"line":31,"column":43},"end":{"line":38,"column":null}},"line":31},"4":{"name":"(anonymous_4)","decl":{"start":{"line":43,"column":22},"end":{"line":43,"column":23}},"loc":{"start":{"line":43,"column":58},"end":{"line":52,"column":null}},"line":43},"5":{"name":"(anonymous_5)","decl":{"start":{"line":44,"column":46},"end":{"line":44,"column":47}},"loc":{"start":{"line":44,"column":53},"end":{"line":44,"column":64}},"line":44},"6":{"name":"(anonymous_6)","decl":{"start":{"line":57,"column":28},"end":{"line":57,"column":29}},"loc":{"start":{"line":57,"column":66},"end":{"line":64,"column":null}},"line":57},"7":{"name":"(anonymous_7)","decl":{"start":{"line":59,"column":79},"end":{"line":59,"column":80}},"loc":{"start":{"line":59,"column":86},"end":{"line":59,"column":111}},"line":59},"8":{"name":"(anonymous_8)","decl":{"start":{"line":69,"column":28},"end":{"line":69,"column":29}},"loc":{"start":{"line":69,"column":66},"end":{"line":76,"column":null}},"line":69},"9":{"name":"(anonymous_9)","decl":{"start":{"line":71,"column":79},"end":{"line":71,"column":80}},"loc":{"start":{"line":71,"column":86},"end":{"line":71,"column":111}},"line":71},"10":{"name":"(anonymous_10)","decl":{"start":{"line":81,"column":28},"end":{"line":81,"column":29}},"loc":{"start":{"line":81,"column":69},"end":{"line":88,"column":null}},"line":81},"11":{"name":"(anonymous_11)","decl":{"start":{"line":83,"column":79},"end":{"line":83,"column":80}},"loc":{"start":{"line":83,"column":86},"end":{"line":83,"column":107}},"line":83},"12":{"name":"(anonymous_12)","decl":{"start":{"line":93,"column":25},"end":{"line":93,"column":26}},"loc":{"start":{"line":93,"column":56},"end":{"line":100,"column":null}},"line":93},"13":{"name":"(anonymous_13)","decl":{"start":{"line":95,"column":79},"end":{"line":95,"column":80}},"loc":{"start":{"line":95,"column":80},"end":{"line":95,"column":109}},"line":95},"14":{"name":"(anonymous_14)","decl":{"start":{"line":105,"column":24},"end":{"line":105,"column":45}},"loc":{"start":{"line":105,"column":45},"end":{"line":107,"column":null}},"line":105},"15":{"name":"(anonymous_15)","decl":{"start":{"line":112,"column":27},"end":{"line":112,"column":48}},"loc":{"start":{"line":112,"column":48},"end":{"line":120,"column":null}},"line":112},"16":{"name":"(anonymous_16)","decl":{"start":{"line":119,"column":35},"end":{"line":119,"column":36}},"loc":{"start":{"line":119,"column":36},"end":{"line":119,"column":97}},"line":119},"17":{"name":"(anonymous_17)","decl":{"start":{"line":125,"column":27},"end":{"line":125,"column":28}},"loc":{"start":{"line":125,"column":58},"end":{"line":137,"column":null}},"line":125},"18":{"name":"(anonymous_18)","decl":{"start":{"line":129,"column":16},"end":{"line":129,"column":17}},"loc":{"start":{"line":129,"column":17},"end":{"line":129,"column":71}},"line":129},"19":{"name":"(anonymous_19)","decl":{"start":{"line":130,"column":14},"end":{"line":130,"column":15}},"loc":{"start":{"line":130,"column":24},"end":{"line":130,"column":59}},"line":130},"20":{"name":"(anonymous_20)","decl":{"start":{"line":142,"column":27},"end":{"line":142,"column":null}},"loc":{"start":{"line":144,"column":22},"end":{"line":151,"column":null}},"line":144},"21":{"name":"(anonymous_21)","decl":{"start":{"line":146,"column":79},"end":{"line":146,"column":80}},"loc":{"start":{"line":146,"column":86},"end":{"line":146,"column":105}},"line":146},"22":{"name":"(anonymous_22)","decl":{"start":{"line":156,"column":21},"end":{"line":156,"column":22}},"loc":{"start":{"line":156,"column":80},"end":{"line":170,"column":null}},"line":156},"23":{"name":"(anonymous_23)","decl":{"start":{"line":175,"column":21},"end":{"line":175,"column":null}},"loc":{"start":{"line":178,"column":27},"end":{"line":191,"column":null}},"line":178},"24":{"name":"(anonymous_24)","decl":{"start":{"line":179,"column":56},"end":{"line":179,"column":57}},"loc":{"start":{"line":179,"column":63},"end":{"line":179,"column":74}},"line":179},"25":{"name":"(anonymous_25)","decl":{"start":{"line":196,"column":21},"end":{"line":196,"column":22}},"loc":{"start":{"line":196,"column":46},"end":{"line":201,"column":null}},"line":196},"26":{"name":"(anonymous_26)","decl":{"start":{"line":197,"column":56},"end":{"line":197,"column":57}},"loc":{"start":{"line":197,"column":63},"end":{"line":197,"column":74}},"line":197},"27":{"name":"(anonymous_27)","decl":{"start":{"line":206,"column":22},"end":{"line":206,"column":23}},"loc":{"start":{"line":206,"column":58},"end":{"line":208,"column":null}},"line":206},"28":{"name":"(anonymous_28)","decl":{"start":{"line":213,"column":23},"end":{"line":213,"column":24}},"loc":{"start":{"line":213,"column":59},"end":{"line":215,"column":null}},"line":213},"29":{"name":"(anonymous_29)","decl":{"start":{"line":220,"column":21},"end":{"line":220,"column":22}},"loc":{"start":{"line":220,"column":57},"end":{"line":222,"column":null}},"line":220},"30":{"name":"(anonymous_30)","decl":{"start":{"line":227,"column":22},"end":{"line":227,"column":null}},"loc":{"start":{"line":236,"column":22},"end":{"line":269,"column":null}},"line":236},"31":{"name":"(anonymous_31)","decl":{"start":{"line":241,"column":33},"end":{"line":241,"column":34}},"loc":{"start":{"line":241,"column":40},"end":{"line":241,"column":69}},"line":241},"32":{"name":"(anonymous_32)","decl":{"start":{"line":245,"column":33},"end":{"line":245,"column":34}},"loc":{"start":{"line":245,"column":40},"end":{"line":245,"column":73}},"line":245},"33":{"name":"(anonymous_33)","decl":{"start":{"line":249,"column":33},"end":{"line":249,"column":34}},"loc":{"start":{"line":249,"column":40},"end":{"line":249,"column":73}},"line":249},"34":{"name":"(anonymous_34)","decl":{"start":{"line":253,"column":33},"end":{"line":253,"column":34}},"loc":{"start":{"line":253,"column":40},"end":{"line":253,"column":67}},"line":253},"35":{"name":"(anonymous_35)","decl":{"start":{"line":257,"column":33},"end":{"line":257,"column":34}},"loc":{"start":{"line":257,"column":34},"end":{"line":257,"column":74}},"line":257},"36":{"name":"(anonymous_36)","decl":{"start":{"line":261,"column":33},"end":{"line":261,"column":34}},"loc":{"start":{"line":261,"column":34},"end":{"line":261,"column":73}},"line":261},"37":{"name":"(anonymous_37)","decl":{"start":{"line":274,"column":17},"end":{"line":274,"column":23}},"loc":{"start":{"line":274,"column":23},"end":{"line":290,"column":null}},"line":274},"38":{"name":"(anonymous_38)","decl":{"start":{"line":276,"column":46},"end":{"line":276,"column":47}},"loc":{"start":{"line":276,"column":53},"end":{"line":276,"column":77}},"line":276},"39":{"name":"(anonymous_39)","decl":{"start":{"line":277,"column":46},"end":{"line":277,"column":47}},"loc":{"start":{"line":277,"column":53},"end":{"line":277,"column":77}},"line":277},"40":{"name":"(anonymous_40)","decl":{"start":{"line":278,"column":46},"end":{"line":278,"column":47}},"loc":{"start":{"line":278,"column":53},"end":{"line":278,"column":77}},"line":278},"41":{"name":"(anonymous_41)","decl":{"start":{"line":295,"column":25},"end":{"line":295,"column":26}},"loc":{"start":{"line":295,"column":72},"end":{"line":307,"column":null}},"line":295},"42":{"name":"(anonymous_42)","decl":{"start":{"line":299,"column":28},"end":{"line":299,"column":29}},"loc":{"start":{"line":299,"column":37},"end":{"line":304,"column":5}},"line":299}},"branchMap":{"0":{"loc":{"start":{"line":45,"column":4},"end":{"line":45,"column":null}},"type":"if","locations":[{"start":{"line":45,"column":4},"end":{"line":45,"column":null}},{"start":{},"end":{}}],"line":45},"1":{"loc":{"start":{"line":119,"column":36},"end":{"line":119,"column":97}},"type":"binary-expr","locations":[{"start":{"line":119,"column":36},"end":{"line":119,"column":72}},{"start":{"line":119,"column":67},"end":{"line":119,"column":97}}],"line":119},"2":{"loc":{"start":{"line":125,"column":28},"end":{"line":125,"column":58}},"type":"default-arg","locations":[{"start":{"line":125,"column":36},"end":{"line":125,"column":58}}],"line":125},"3":{"loc":{"start":{"line":129,"column":17},"end":{"line":129,"column":71}},"type":"binary-expr","locations":[{"start":{"line":129,"column":17},"end":{"line":129,"column":47}},{"start":{"line":129,"column":47},"end":{"line":129,"column":71}}],"line":129},"4":{"loc":{"start":{"line":180,"column":4},"end":{"line":180,"column":null}},"type":"if","locations":[{"start":{"line":180,"column":4},"end":{"line":180,"column":null}},{"start":{},"end":{}}],"line":180},"5":{"loc":{"start":{"line":198,"column":4},"end":{"line":198,"column":null}},"type":"if","locations":[{"start":{"line":198,"column":4},"end":{"line":198,"column":null}},{"start":{},"end":{}}],"line":198},"6":{"loc":{"start":{"line":240,"column":6},"end":{"line":242,"column":null}},"type":"if","locations":[{"start":{"line":240,"column":6},"end":{"line":242,"column":null}},{"start":{},"end":{}}],"line":240},"7":{"loc":{"start":{"line":244,"column":6},"end":{"line":246,"column":null}},"type":"if","locations":[{"start":{"line":244,"column":6},"end":{"line":246,"column":null}},{"start":{},"end":{}}],"line":244},"8":{"loc":{"start":{"line":248,"column":6},"end":{"line":250,"column":null}},"type":"if","locations":[{"start":{"line":248,"column":6},"end":{"line":250,"column":null}},{"start":{},"end":{}}],"line":248},"9":{"loc":{"start":{"line":252,"column":6},"end":{"line":254,"column":null}},"type":"if","locations":[{"start":{"line":252,"column":6},"end":{"line":254,"column":null}},{"start":{},"end":{}}],"line":252},"10":{"loc":{"start":{"line":256,"column":6},"end":{"line":258,"column":null}},"type":"if","locations":[{"start":{"line":256,"column":6},"end":{"line":258,"column":null}},{"start":{},"end":{}}],"line":256},"11":{"loc":{"start":{"line":260,"column":6},"end":{"line":262,"column":null}},"type":"if","locations":[{"start":{"line":260,"column":6},"end":{"line":262,"column":null}},{"start":{},"end":{}}],"line":260},"12":{"loc":{"start":{"line":300,"column":6},"end":{"line":302,"column":null}},"type":"if","locations":[{"start":{"line":300,"column":6},"end":{"line":302,"column":null}},{"start":{},"end":{}}],"line":300}},"s":{"0":1,"1":34,"2":11,"3":29,"4":2,"5":2,"6":0,"7":0,"8":2,"9":6,"10":2,"11":1,"12":1,"13":1,"14":0,"15":0,"16":1,"17":1,"18":5,"19":0,"20":0,"21":1,"22":1,"23":5,"24":0,"25":0,"26":0,"27":0,"28":0,"29":0,"30":0,"31":1,"32":1,"33":5,"34":0,"35":0,"36":1,"37":1,"38":1,"39":1,"40":1,"41":1,"42":1,"43":5,"44":0,"45":0,"46":0,"47":0,"48":0,"49":0,"50":0,"51":0,"52":3,"53":3,"54":15,"55":0,"56":0,"57":1,"58":1,"59":1,"60":1,"61":1,"62":1,"63":0,"64":0,"65":4,"66":8,"67":4,"68":1,"69":3,"70":3,"71":3,"72":3,"73":3,"74":0,"75":0,"76":2,"77":6,"78":2,"79":1,"80":1,"81":1,"82":0,"83":1,"84":1,"85":3,"86":3,"87":3,"88":2,"89":10,"90":3,"91":0,"92":0,"93":3,"94":0,"95":0,"96":3,"97":2,"98":7,"99":3,"100":0,"101":0,"102":3,"103":0,"104":0,"105":3,"106":0,"107":0,"108":1,"109":1,"110":5,"111":1,"112":5,"113":1,"114":5,"115":1,"116":1,"117":1,"118":0,"119":0,"120":0,"121":0,"122":0,"123":0,"124":0},"f":{"0":34,"1":11,"2":29,"3":2,"4":2,"5":6,"6":1,"7":5,"8":1,"9":5,"10":0,"11":0,"12":1,"13":5,"14":1,"15":1,"16":5,"17":0,"18":0,"19":0,"20":3,"21":15,"22":1,"23":4,"24":8,"25":2,"26":6,"27":0,"28":1,"29":1,"30":3,"31":10,"32":0,"33":0,"34":7,"35":0,"36":0,"37":1,"38":5,"39":5,"40":5,"41":0,"42":0},"b":{"0":[1,1],"1":[5,0],"2":[0],"3":[0,0],"4":[1,3],"5":[1,1],"6":[2,1],"7":[0,3],"8":[0,3],"9":[2,1],"10":[0,3],"11":[0,3],"12":[0,0]},"meta":{"lastBranch":13,"lastFunction":43,"lastStatement":125,"seen":{"s:12:35:308:Infinity":0,"f:17:24:17:25":0,"s:18:4:18:Infinity":1,"f:24:25:24:26":1,"s:25:4:25:Infinity":2,"f:25:28:25:29":2,"s:25:35:25:78":3,"f:31:22:31:43":3,"s:32:4:37:Infinity":4,"s:33:6:33:Infinity":5,"s:35:6:35:Infinity":6,"s:36:6:36:Infinity":7,"f:43:22:43:23":4,"s:44:24:44:Infinity":8,"f:44:46:44:47":5,"s:44:53:44:64":9,"b:45:4:45:Infinity:undefined:undefined:undefined:undefined":0,"s:45:4:45:Infinity":10,"s:45:22:45:Infinity":11,"s:46:4:51:Infinity":12,"s:47:6:47:Infinity":13,"s:49:6:49:Infinity":14,"s:50:6:50:Infinity":15,"f:57:28:57:29":6,"s:58:4:63:Infinity":16,"s:59:6:59:Infinity":17,"f:59:79:59:80":7,"s:59:86:59:111":18,"s:61:6:61:Infinity":19,"s:62:6:62:Infinity":20,"f:69:28:69:29":8,"s:70:4:75:Infinity":21,"s:71:6:71:Infinity":22,"f:71:79:71:80":9,"s:71:86:71:111":23,"s:73:6:73:Infinity":24,"s:74:6:74:Infinity":25,"f:81:28:81:29":10,"s:82:4:87:Infinity":26,"s:83:6:83:Infinity":27,"f:83:79:83:80":11,"s:83:86:83:107":28,"s:85:6:85:Infinity":29,"s:86:6:86:Infinity":30,"f:93:25:93:26":12,"s:94:4:99:Infinity":31,"s:95:6:95:Infinity":32,"f:95:79:95:80":13,"s:95:80:95:109":33,"s:97:6:97:Infinity":34,"s:98:6:98:Infinity":35,"f:105:24:105:45":14,"s:106:4:106:Infinity":36,"f:112:27:112:48":15,"s:113:18:113:Infinity":37,"s:114:22:114:Infinity":38,"s:115:4:115:Infinity":39,"s:116:20:116:Infinity":40,"s:117:4:117:Infinity":41,"s:119:4:119:Infinity":42,"f:119:35:119:36":16,"s:119:36:119:97":43,"b:119:36:119:72:119:67:119:97":1,"f:125:27:125:28":17,"b:125:36:125:58":2,"s:126:4:136:Infinity":44,"s:127:18:127:Infinity":45,"s:128:23:131:Infinity":46,"f:129:16:129:17":18,"s:129:17:129:71":47,"b:129:17:129:47:129:47:129:71":3,"f:130:14:130:15":19,"s:130:24:130:59":48,"s:132:6:132:Infinity":49,"s:134:6:134:Infinity":50,"s:135:6:135:Infinity":51,"f:142:27:142:Infinity":20,"s:145:4:150:Infinity":52,"s:146:6:146:Infinity":53,"f:146:79:146:80":21,"s:146:86:146:105":54,"s:148:6:148:Infinity":55,"s:149:6:149:Infinity":56,"f:156:21:156:22":22,"s:157:18:157:Infinity":57,"s:158:40:161:Infinity":58,"s:162:4:169:Infinity":59,"s:163:35:163:Infinity":60,"s:164:6:164:Infinity":61,"s:165:6:165:Infinity":62,"s:167:6:167:Infinity":63,"s:168:6:168:Infinity":64,"f:175:21:175:Infinity":23,"s:179:29:179:Infinity":65,"f:179:56:179:57":24,"s:179:63:179:74":66,"b:180:4:180:Infinity:undefined:undefined:undefined:undefined":4,"s:180:4:180:Infinity":67,"s:180:33:180:Infinity":68,"s:182:31:182:Infinity":69,"s:183:4:190:Infinity":70,"s:184:35:184:Infinity":71,"s:185:6:185:Infinity":72,"s:186:6:186:Infinity":73,"s:188:6:188:Infinity":74,"s:189:6:189:Infinity":75,"f:196:21:196:22":25,"s:197:29:197:Infinity":76,"f:197:56:197:57":26,"s:197:63:197:74":77,"b:198:4:198:Infinity:undefined:undefined:undefined:undefined":5,"s:198:4:198:Infinity":78,"s:198:33:198:Infinity":79,"s:199:4:199:Infinity":80,"s:200:4:200:Infinity":81,"f:206:22:206:23":27,"s:207:4:207:Infinity":82,"f:213:23:213:24":28,"s:214:4:214:Infinity":83,"f:220:21:220:22":29,"s:221:4:221:Infinity":84,"f:227:22:227:Infinity":30,"s:237:4:268:Infinity":85,"s:238:20:238:Infinity":86,"b:240:6:242:Infinity:undefined:undefined:undefined:undefined":6,"s:240:6:242:Infinity":87,"s:241:8:241:Infinity":88,"f:241:33:241:34":31,"s:241:40:241:69":89,"b:244:6:246:Infinity:undefined:undefined:undefined:undefined":7,"s:244:6:246:Infinity":90,"s:245:8:245:Infinity":91,"f:245:33:245:34":32,"s:245:40:245:73":92,"b:248:6:250:Infinity:undefined:undefined:undefined:undefined":8,"s:248:6:250:Infinity":93,"s:249:8:249:Infinity":94,"f:249:33:249:34":33,"s:249:40:249:73":95,"b:252:6:254:Infinity:undefined:undefined:undefined:undefined":9,"s:252:6:254:Infinity":96,"s:253:8:253:Infinity":97,"f:253:33:253:34":34,"s:253:40:253:67":98,"b:256:6:258:Infinity:undefined:undefined:undefined:undefined":10,"s:256:6:258:Infinity":99,"s:257:8:257:Infinity":100,"f:257:33:257:34":35,"s:257:34:257:74":101,"b:260:6:262:Infinity:undefined:undefined:undefined:undefined":11,"s:260:6:262:Infinity":102,"s:261:8:261:Infinity":103,"f:261:33:261:34":36,"s:261:34:261:73":104,"s:264:6:264:Infinity":105,"s:266:6:266:Infinity":106,"s:267:6:267:Infinity":107,"f:274:17:274:23":37,"s:275:18:275:Infinity":108,"s:276:22:276:Infinity":109,"f:276:46:276:47":38,"s:276:53:276:77":110,"s:277:22:277:Infinity":111,"f:277:46:277:47":39,"s:277:53:277:77":112,"s:278:22:278:Infinity":113,"f:278:46:278:47":40,"s:278:53:278:77":114,"s:279:18:279:Infinity":115,"s:280:17:280:Infinity":116,"s:282:4:289:Infinity":117,"f:295:25:295:26":41,"s:296:28:296:Infinity":118,"s:297:51:297:Infinity":119,"s:299:4:304:Infinity":120,"f:299:28:299:29":42,"b:300:6:302:Infinity:undefined:undefined:undefined:undefined":12,"s:300:6:302:Infinity":121,"s:301:8:301:Infinity":122,"s:303:6:303:Infinity":123,"s:306:4:306:Infinity":124}}}
,"/home/douglas/Documentos/Portfólio/Huron/Sistema de gestão para academia/src/services/auth.service.ts": {"path":"/home/douglas/Documentos/Portfólio/Huron/Sistema de gestão para academia/src/services/auth.service.ts","statementMap":{"0":{"start":{"line":11,"column":27},"end":{"line":101,"column":null}},"1":{"start":{"line":17,"column":4},"end":{"line":17,"column":null}},"2":{"start":{"line":24,"column":17},"end":{"line":24,"column":null}},"3":{"start":{"line":24,"column":39},"end":{"line":24,"column":56}},"4":{"start":{"line":25,"column":4},"end":{"line":25,"column":null}},"5":{"start":{"line":25,"column":15},"end":{"line":25,"column":null}},"6":{"start":{"line":26,"column":4},"end":{"line":31,"column":null}},"7":{"start":{"line":27,"column":6},"end":{"line":27,"column":null}},"8":{"start":{"line":29,"column":6},"end":{"line":29,"column":null}},"9":{"start":{"line":30,"column":6},"end":{"line":30,"column":null}},"10":{"start":{"line":38,"column":17},"end":{"line":38,"column":null}},"11":{"start":{"line":38,"column":39},"end":{"line":38,"column":50}},"12":{"start":{"line":39,"column":4},"end":{"line":39,"column":null}},"13":{"start":{"line":39,"column":15},"end":{"line":39,"column":null}},"14":{"start":{"line":40,"column":4},"end":{"line":45,"column":null}},"15":{"start":{"line":41,"column":6},"end":{"line":41,"column":null}},"16":{"start":{"line":43,"column":6},"end":{"line":43,"column":null}},"17":{"start":{"line":44,"column":6},"end":{"line":44,"column":null}},"18":{"start":{"line":52,"column":4},"end":{"line":52,"column":null}},"19":{"start":{"line":59,"column":4},"end":{"line":59,"column":null}},"20":{"start":{"line":66,"column":22},"end":{"line":66,"column":null}},"21":{"start":{"line":66,"column":49},"end":{"line":66,"column":64}},"22":{"start":{"line":67,"column":4},"end":{"line":67,"column":null}},"23":{"start":{"line":67,"column":26},"end":{"line":67,"column":null}},"24":{"start":{"line":69,"column":24},"end":{"line":69,"column":null}},"25":{"start":{"line":70,"column":4},"end":{"line":70,"column":null}},"26":{"start":{"line":72,"column":4},"end":{"line":77,"column":null}},"27":{"start":{"line":73,"column":6},"end":{"line":73,"column":null}},"28":{"start":{"line":75,"column":6},"end":{"line":75,"column":null}},"29":{"start":{"line":76,"column":6},"end":{"line":76,"column":null}},"30":{"start":{"line":84,"column":4},"end":{"line":84,"column":null}},"31":{"start":{"line":93,"column":23},"end":{"line":98,"column":null}},"32":{"start":{"line":99,"column":4},"end":{"line":99,"column":null}}},"fnMap":{"0":{"name":"(anonymous_0)","decl":{"start":{"line":16,"column":17},"end":{"line":16,"column":18}},"loc":{"start":{"line":16,"column":42},"end":{"line":18,"column":null}},"line":16},"1":{"name":"(anonymous_1)","decl":{"start":{"line":23,"column":9},"end":{"line":23,"column":10}},"loc":{"start":{"line":23,"column":59},"end":{"line":32,"column":null}},"line":23},"2":{"name":"(anonymous_2)","decl":{"start":{"line":24,"column":32},"end":{"line":24,"column":33}},"loc":{"start":{"line":24,"column":39},"end":{"line":24,"column":56}},"line":24},"3":{"name":"(anonymous_3)","decl":{"start":{"line":37,"column":15},"end":{"line":37,"column":16}},"loc":{"start":{"line":37,"column":44},"end":{"line":46,"column":null}},"line":37},"4":{"name":"(anonymous_4)","decl":{"start":{"line":38,"column":32},"end":{"line":38,"column":33}},"loc":{"start":{"line":38,"column":39},"end":{"line":38,"column":50}},"line":38},"5":{"name":"(anonymous_5)","decl":{"start":{"line":51,"column":17},"end":{"line":51,"column":18}},"loc":{"start":{"line":51,"column":67},"end":{"line":53,"column":null}},"line":51},"6":{"name":"(anonymous_6)","decl":{"start":{"line":58,"column":19},"end":{"line":58,"column":20}},"loc":{"start":{"line":58,"column":51},"end":{"line":60,"column":null}},"line":58},"7":{"name":"(anonymous_7)","decl":{"start":{"line":65,"column":17},"end":{"line":65,"column":18}},"loc":{"start":{"line":65,"column":74},"end":{"line":78,"column":null}},"line":65},"8":{"name":"(anonymous_8)","decl":{"start":{"line":66,"column":42},"end":{"line":66,"column":43}},"loc":{"start":{"line":66,"column":49},"end":{"line":66,"column":64}},"line":66},"9":{"name":"(anonymous_9)","decl":{"start":{"line":83,"column":18},"end":{"line":83,"column":19}},"loc":{"start":{"line":83,"column":42},"end":{"line":85,"column":null}},"line":83},"10":{"name":"(anonymous_10)","decl":{"start":{"line":90,"column":16},"end":{"line":90,"column":null}},"loc":{"start":{"line":92,"column":68},"end":{"line":100,"column":null}},"line":92}},"branchMap":{"0":{"loc":{"start":{"line":25,"column":4},"end":{"line":25,"column":null}},"type":"if","locations":[{"start":{"line":25,"column":4},"end":{"line":25,"column":null}},{"start":{},"end":{}}],"line":25},"1":{"loc":{"start":{"line":39,"column":4},"end":{"line":39,"column":null}},"type":"if","locations":[{"start":{"line":39,"column":4},"end":{"line":39,"column":null}},{"start":{},"end":{}}],"line":39},"2":{"loc":{"start":{"line":67,"column":4},"end":{"line":67,"column":null}},"type":"if","locations":[{"start":{"line":67,"column":4},"end":{"line":67,"column":null}},{"start":{},"end":{}}],"line":67}},"s":{"0":1,"1":5,"2":3,"3":12,"4":3,"5":1,"6":2,"7":2,"8":0,"9":0,"10":2,"11":11,"12":2,"13":1,"14":1,"15":1,"16":0,"17":0,"18":2,"19":2,"20":3,"21":12,"22":3,"23":1,"24":2,"25":2,"26":2,"27":2,"28":0,"29":0,"30":1,"31":0,"32":0},"f":{"0":5,"1":3,"2":12,"3":2,"4":11,"5":2,"6":2,"7":3,"8":12,"9":1,"10":0},"b":{"0":[1,2],"1":[1,1],"2":[1,2]},"meta":{"lastBranch":3,"lastFunction":11,"lastStatement":33,"seen":{"s:11:27:101:Infinity":0,"f:16:17:16:18":0,"s:17:4:17:Infinity":1,"f:23:9:23:10":1,"s:24:17:24:Infinity":2,"f:24:32:24:33":2,"s:24:39:24:56":3,"b:25:4:25:Infinity:undefined:undefined:undefined:undefined":0,"s:25:4:25:Infinity":4,"s:25:15:25:Infinity":5,"s:26:4:31:Infinity":6,"s:27:6:27:Infinity":7,"s:29:6:29:Infinity":8,"s:30:6:30:Infinity":9,"f:37:15:37:16":3,"s:38:17:38:Infinity":10,"f:38:32:38:33":4,"s:38:39:38:50":11,"b:39:4:39:Infinity:undefined:undefined:undefined:undefined":1,"s:39:4:39:Infinity":12,"s:39:15:39:Infinity":13,"s:40:4:45:Infinity":14,"s:41:6:41:Infinity":15,"s:43:6:43:Infinity":16,"s:44:6:44:Infinity":17,"f:51:17:51:18":5,"s:52:4:52:Infinity":18,"f:58:19:58:20":6,"s:59:4:59:Infinity":19,"f:65:17:65:18":7,"s:66:22:66:Infinity":20,"f:66:42:66:43":8,"s:66:49:66:64":21,"b:67:4:67:Infinity:undefined:undefined:undefined:undefined":2,"s:67:4:67:Infinity":22,"s:67:26:67:Infinity":23,"s:69:24:69:Infinity":24,"s:70:4:70:Infinity":25,"s:72:4:77:Infinity":26,"s:73:6:73:Infinity":27,"s:75:6:75:Infinity":28,"s:76:6:76:Infinity":29,"f:83:18:83:19":9,"s:84:4:84:Infinity":30,"f:90:16:90:Infinity":10,"s:93:23:98:Infinity":31,"s:99:4:99:Infinity":32}}}
,"/home/douglas/Documentos/Portfólio/Huron/Sistema de gestão para academia/src/services/news.service.ts": {"path":"/home/douglas/Documentos/Portfólio/Huron/Sistema de gestão para academia/src/services/news.service.ts","statementMap":{"0":{"start":{"line":11,"column":27},"end":{"line":346,"column":null}},"1":{"start":{"line":17,"column":4},"end":{"line":17,"column":null}},"2":{"start":{"line":24,"column":4},"end":{"line":24,"column":null}},"3":{"start":{"line":24,"column":31},"end":{"line":24,"column":59}},"4":{"start":{"line":31,"column":4},"end":{"line":36,"column":null}},"5":{"start":{"line":32,"column":6},"end":{"line":32,"column":null}},"6":{"start":{"line":34,"column":6},"end":{"line":34,"column":null}},"7":{"start":{"line":35,"column":6},"end":{"line":35,"column":null}},"8":{"start":{"line":43,"column":17},"end":{"line":43,"column":null}},"9":{"start":{"line":43,"column":38},"end":{"line":43,"column":49}},"10":{"start":{"line":44,"column":4},"end":{"line":44,"column":null}},"11":{"start":{"line":44,"column":15},"end":{"line":44,"column":null}},"12":{"start":{"line":45,"column":4},"end":{"line":50,"column":null}},"13":{"start":{"line":46,"column":6},"end":{"line":46,"column":null}},"14":{"start":{"line":48,"column":6},"end":{"line":48,"column":null}},"15":{"start":{"line":49,"column":6},"end":{"line":49,"column":null}},"16":{"start":{"line":57,"column":4},"end":{"line":62,"column":null}},"17":{"start":{"line":58,"column":6},"end":{"line":58,"column":null}},"18":{"start":{"line":58,"column":66},"end":{"line":58,"column":81}},"19":{"start":{"line":60,"column":6},"end":{"line":60,"column":null}},"20":{"start":{"line":61,"column":6},"end":{"line":61,"column":null}},"21":{"start":{"line":69,"column":4},"end":{"line":74,"column":null}},"22":{"start":{"line":70,"column":6},"end":{"line":70,"column":null}},"23":{"start":{"line":70,"column":66},"end":{"line":70,"column":94}},"24":{"start":{"line":72,"column":6},"end":{"line":72,"column":null}},"25":{"start":{"line":73,"column":6},"end":{"line":73,"column":null}},"26":{"start":{"line":81,"column":4},"end":{"line":81,"column":null}},"27":{"start":{"line":81,"column":35},"end":{"line":81,"column":null}},"28":{"start":{"line":83,"column":4},"end":{"line":91,"column":null}},"29":{"start":{"line":84,"column":23},"end":{"line":86,"column":null}},"30":{"start":{"line":85,"column":8},"end":{"line":85,"column":null}},"31":{"start":{"line":85,"column":37},"end":{"line":85,"column":67}},"32":{"start":{"line":87,"column":6},"end":{"line":87,"column":null}},"33":{"start":{"line":89,"column":6},"end":{"line":89,"column":null}},"34":{"start":{"line":90,"column":6},"end":{"line":90,"column":null}},"35":{"start":{"line":98,"column":4},"end":{"line":103,"column":null}},"36":{"start":{"line":99,"column":6},"end":{"line":99,"column":null}},"37":{"start":{"line":99,"column":66},"end":{"line":99,"column":89}},"38":{"start":{"line":101,"column":6},"end":{"line":101,"column":null}},"39":{"start":{"line":102,"column":6},"end":{"line":102,"column":null}},"40":{"start":{"line":110,"column":4},"end":{"line":121,"column":null}},"41":{"start":{"line":111,"column":19},"end":{"line":111,"column":null}},"42":{"start":{"line":112,"column":23},"end":{"line":116,"column":null}},"43":{"start":{"line":114,"column":10},"end":{"line":115,"column":null}},"44":{"start":{"line":117,"column":6},"end":{"line":117,"column":null}},"45":{"start":{"line":119,"column":6},"end":{"line":119,"column":null}},"46":{"start":{"line":120,"column":6},"end":{"line":120,"column":null}},"47":{"start":{"line":128,"column":18},"end":{"line":128,"column":null}},"48":{"start":{"line":129,"column":30},"end":{"line":133,"column":null}},"49":{"start":{"line":134,"column":4},"end":{"line":141,"column":null}},"50":{"start":{"line":135,"column":28},"end":{"line":135,"column":null}},"51":{"start":{"line":136,"column":6},"end":{"line":136,"column":null}},"52":{"start":{"line":137,"column":6},"end":{"line":137,"column":null}},"53":{"start":{"line":139,"column":6},"end":{"line":139,"column":null}},"54":{"start":{"line":140,"column":6},"end":{"line":140,"column":null}},"55":{"start":{"line":148,"column":22},"end":{"line":148,"column":null}},"56":{"start":{"line":148,"column":48},"end":{"line":148,"column":59}},"57":{"start":{"line":149,"column":4},"end":{"line":149,"column":null}},"58":{"start":{"line":149,"column":26},"end":{"line":149,"column":null}},"59":{"start":{"line":151,"column":24},"end":{"line":151,"column":null}},"60":{"start":{"line":152,"column":4},"end":{"line":159,"column":null}},"61":{"start":{"line":153,"column":28},"end":{"line":153,"column":null}},"62":{"start":{"line":154,"column":6},"end":{"line":154,"column":null}},"63":{"start":{"line":155,"column":6},"end":{"line":155,"column":null}},"64":{"start":{"line":157,"column":6},"end":{"line":157,"column":null}},"65":{"start":{"line":158,"column":6},"end":{"line":158,"column":null}},"66":{"start":{"line":166,"column":22},"end":{"line":166,"column":null}},"67":{"start":{"line":166,"column":48},"end":{"line":166,"column":59}},"68":{"start":{"line":167,"column":4},"end":{"line":167,"column":null}},"69":{"start":{"line":167,"column":26},"end":{"line":167,"column":null}},"70":{"start":{"line":168,"column":4},"end":{"line":168,"column":null}},"71":{"start":{"line":169,"column":4},"end":{"line":169,"column":null}},"72":{"start":{"line":176,"column":17},"end":{"line":176,"column":null}},"73":{"start":{"line":176,"column":38},"end":{"line":176,"column":53}},"74":{"start":{"line":177,"column":4},"end":{"line":177,"column":null}},"75":{"start":{"line":177,"column":15},"end":{"line":177,"column":null}},"76":{"start":{"line":179,"column":36},"end":{"line":182,"column":null}},"77":{"start":{"line":184,"column":4},"end":{"line":184,"column":null}},"78":{"start":{"line":185,"column":4},"end":{"line":190,"column":null}},"79":{"start":{"line":186,"column":6},"end":{"line":186,"column":null}},"80":{"start":{"line":188,"column":6},"end":{"line":188,"column":null}},"81":{"start":{"line":189,"column":6},"end":{"line":189,"column":null}},"82":{"start":{"line":197,"column":17},"end":{"line":197,"column":null}},"83":{"start":{"line":197,"column":38},"end":{"line":197,"column":53}},"84":{"start":{"line":198,"column":4},"end":{"line":198,"column":null}},"85":{"start":{"line":198,"column":15},"end":{"line":198,"column":null}},"86":{"start":{"line":200,"column":4},"end":{"line":200,"column":null}},"87":{"start":{"line":200,"column":48},"end":{"line":200,"column":66}},"88":{"start":{"line":201,"column":4},"end":{"line":206,"column":null}},"89":{"start":{"line":202,"column":6},"end":{"line":202,"column":null}},"90":{"start":{"line":204,"column":6},"end":{"line":204,"column":null}},"91":{"start":{"line":205,"column":6},"end":{"line":205,"column":null}},"92":{"start":{"line":217,"column":17},"end":{"line":217,"column":null}},"93":{"start":{"line":217,"column":38},"end":{"line":217,"column":53}},"94":{"start":{"line":218,"column":4},"end":{"line":218,"column":null}},"95":{"start":{"line":218,"column":15},"end":{"line":218,"column":null}},"96":{"start":{"line":220,"column":25},"end":{"line":220,"column":null}},"97":{"start":{"line":220,"column":56},"end":{"line":220,"column":74}},"98":{"start":{"line":221,"column":4},"end":{"line":221,"column":null}},"99":{"start":{"line":221,"column":29},"end":{"line":221,"column":null}},"100":{"start":{"line":223,"column":4},"end":{"line":226,"column":null}},"101":{"start":{"line":228,"column":4},"end":{"line":233,"column":null}},"102":{"start":{"line":229,"column":6},"end":{"line":229,"column":null}},"103":{"start":{"line":231,"column":6},"end":{"line":231,"column":null}},"104":{"start":{"line":232,"column":6},"end":{"line":232,"column":null}},"105":{"start":{"line":240,"column":17},"end":{"line":240,"column":null}},"106":{"start":{"line":240,"column":38},"end":{"line":240,"column":53}},"107":{"start":{"line":241,"column":4},"end":{"line":241,"column":null}},"108":{"start":{"line":241,"column":15},"end":{"line":241,"column":null}},"109":{"start":{"line":243,"column":4},"end":{"line":243,"column":null}},"110":{"start":{"line":244,"column":4},"end":{"line":244,"column":null}},"111":{"start":{"line":245,"column":4},"end":{"line":250,"column":null}},"112":{"start":{"line":246,"column":6},"end":{"line":246,"column":null}},"113":{"start":{"line":248,"column":6},"end":{"line":248,"column":null}},"114":{"start":{"line":249,"column":6},"end":{"line":249,"column":null}},"115":{"start":{"line":257,"column":17},"end":{"line":257,"column":null}},"116":{"start":{"line":257,"column":38},"end":{"line":257,"column":53}},"117":{"start":{"line":258,"column":4},"end":{"line":258,"column":null}},"118":{"start":{"line":258,"column":15},"end":{"line":258,"column":null}},"119":{"start":{"line":260,"column":4},"end":{"line":260,"column":null}},"120":{"start":{"line":261,"column":4},"end":{"line":261,"column":null}},"121":{"start":{"line":262,"column":4},"end":{"line":267,"column":null}},"122":{"start":{"line":263,"column":6},"end":{"line":263,"column":null}},"123":{"start":{"line":265,"column":6},"end":{"line":265,"column":null}},"124":{"start":{"line":266,"column":6},"end":{"line":266,"column":null}},"125":{"start":{"line":274,"column":17},"end":{"line":274,"column":null}},"126":{"start":{"line":274,"column":38},"end":{"line":274,"column":53}},"127":{"start":{"line":275,"column":4},"end":{"line":275,"column":null}},"128":{"start":{"line":275,"column":15},"end":{"line":275,"column":null}},"129":{"start":{"line":277,"column":20},"end":{"line":277,"column":null}},"130":{"start":{"line":277,"column":46},"end":{"line":277,"column":64}},"131":{"start":{"line":278,"column":4},"end":{"line":278,"column":null}},"132":{"start":{"line":278,"column":18},"end":{"line":278,"column":null}},"133":{"start":{"line":280,"column":4},"end":{"line":280,"column":null}},"134":{"start":{"line":281,"column":4},"end":{"line":281,"column":null}},"135":{"start":{"line":282,"column":4},"end":{"line":287,"column":null}},"136":{"start":{"line":283,"column":6},"end":{"line":283,"column":null}},"137":{"start":{"line":285,"column":6},"end":{"line":285,"column":null}},"138":{"start":{"line":286,"column":6},"end":{"line":286,"column":null}},"139":{"start":{"line":294,"column":17},"end":{"line":294,"column":null}},"140":{"start":{"line":294,"column":38},"end":{"line":294,"column":53}},"141":{"start":{"line":295,"column":4},"end":{"line":295,"column":null}},"142":{"start":{"line":295,"column":15},"end":{"line":295,"column":null}},"143":{"start":{"line":297,"column":20},"end":{"line":297,"column":null}},"144":{"start":{"line":297,"column":46},"end":{"line":297,"column":64}},"145":{"start":{"line":298,"column":4},"end":{"line":298,"column":null}},"146":{"start":{"line":298,"column":18},"end":{"line":298,"column":null}},"147":{"start":{"line":300,"column":4},"end":{"line":300,"column":null}},"148":{"start":{"line":301,"column":4},"end":{"line":301,"column":null}},"149":{"start":{"line":302,"column":4},"end":{"line":307,"column":null}},"150":{"start":{"line":303,"column":6},"end":{"line":303,"column":null}},"151":{"start":{"line":305,"column":6},"end":{"line":305,"column":null}},"152":{"start":{"line":306,"column":6},"end":{"line":306,"column":null}},"153":{"start":{"line":314,"column":18},"end":{"line":314,"column":null}},"154":{"start":{"line":315,"column":23},"end":{"line":315,"column":null}},"155":{"start":{"line":315,"column":46},"end":{"line":315,"column":68}},"156":{"start":{"line":316,"column":19},"end":{"line":316,"column":null}},"157":{"start":{"line":316,"column":42},"end":{"line":316,"column":60}},"158":{"start":{"line":317,"column":26},"end":{"line":317,"column":null}},"159":{"start":{"line":317,"column":49},"end":{"line":317,"column":74}},"160":{"start":{"line":318,"column":26},"end":{"line":318,"column":null}},"161":{"start":{"line":318,"column":54},"end":{"line":318,"column":79}},"162":{"start":{"line":319,"column":23},"end":{"line":319,"column":null}},"163":{"start":{"line":319,"column":51},"end":{"line":319,"column":66}},"164":{"start":{"line":321,"column":4},"end":{"line":330,"column":null}},"165":{"start":{"line":337,"column":4},"end":{"line":337,"column":null}},"166":{"start":{"line":337,"column":40},"end":{"line":337,"column":75}},"167":{"start":{"line":344,"column":4},"end":{"line":344,"column":null}},"168":{"start":{"line":344,"column":40},"end":{"line":344,"column":57}}},"fnMap":{"0":{"name":"(anonymous_0)","decl":{"start":{"line":16,"column":17},"end":{"line":16,"column":18}},"loc":{"start":{"line":16,"column":46},"end":{"line":18,"column":null}},"line":16},"1":{"name":"(anonymous_1)","decl":{"start":{"line":23,"column":21},"end":{"line":23,"column":22}},"loc":{"start":{"line":23,"column":58},"end":{"line":25,"column":null}},"line":23},"2":{"name":"(anonymous_2)","decl":{"start":{"line":24,"column":24},"end":{"line":24,"column":25}},"loc":{"start":{"line":24,"column":31},"end":{"line":24,"column":59}},"line":24},"3":{"name":"(anonymous_3)","decl":{"start":{"line":30,"column":14},"end":{"line":30,"column":32}},"loc":{"start":{"line":30,"column":32},"end":{"line":37,"column":null}},"line":30},"4":{"name":"(anonymous_4)","decl":{"start":{"line":42,"column":15},"end":{"line":42,"column":16}},"loc":{"start":{"line":42,"column":48},"end":{"line":51,"column":null}},"line":42},"5":{"name":"(anonymous_5)","decl":{"start":{"line":43,"column":31},"end":{"line":43,"column":32}},"loc":{"start":{"line":43,"column":38},"end":{"line":43,"column":49}},"line":43},"6":{"name":"(anonymous_6)","decl":{"start":{"line":56,"column":17},"end":{"line":56,"column":18}},"loc":{"start":{"line":56,"column":79},"end":{"line":63,"column":null}},"line":56},"7":{"name":"(anonymous_7)","decl":{"start":{"line":58,"column":59},"end":{"line":58,"column":60}},"loc":{"start":{"line":58,"column":66},"end":{"line":58,"column":81}},"line":58},"8":{"name":"(anonymous_8)","decl":{"start":{"line":68,"column":20},"end":{"line":68,"column":21}},"loc":{"start":{"line":68,"column":58},"end":{"line":75,"column":null}},"line":68},"9":{"name":"(anonymous_9)","decl":{"start":{"line":70,"column":59},"end":{"line":70,"column":60}},"loc":{"start":{"line":70,"column":66},"end":{"line":70,"column":94}},"line":70},"10":{"name":"(anonymous_10)","decl":{"start":{"line":80,"column":18},"end":{"line":80,"column":19}},"loc":{"start":{"line":80,"column":63},"end":{"line":92,"column":null}},"line":80},"11":{"name":"(anonymous_11)","decl":{"start":{"line":84,"column":39},"end":{"line":84,"column":40}},"loc":{"start":{"line":85,"column":8},"end":{"line":85,"column":null}},"line":85},"12":{"name":"(anonymous_12)","decl":{"start":{"line":85,"column":24},"end":{"line":85,"column":25}},"loc":{"start":{"line":
[...]
ne":56,"column":null}},"15":{"start":{"line":56,"column":68},"end":{"line":56,"column":91}},"16":{"start":{"line":58,"column":6},"end":{"line":58,"column":null}},"17":{"start":{"line":59,"column":6},"end":{"line":59,"column":null}},"18":{"start":{"line":67,"column":17},"end":{"line":67,"column":null}},"19":{"start":{"line":67,"column":42},"end":{"line":67,"column":56}},"20":{"start":{"line":68,"column":4},"end":{"line":68,"column":null}},"21":{"start":{"line":68,"column":15},"end":{"line":68,"column":null}},"22":{"start":{"line":69,"column":4},"end":{"line":74,"column":null}},"23":{"start":{"line":70,"column":6},"end":{"line":70,"column":null}},"24":{"start":{"line":72,"column":6},"end":{"line":72,"column":null}},"25":{"start":{"line":73,"column":6},"end":{"line":73,"column":null}},"26":{"start":{"line":81,"column":17},"end":{"line":81,"column":null}},"27":{"start":{"line":81,"column":42},"end":{"line":81,"column":62}},"28":{"start":{"line":82,"column":4},"end":{"line":82,"column":null}},"29":{"start":{"line":82,"column":15},"end":{"line":82,"column":null}},"30":{"start":{"line":83,"column":4},"end":{"line":88,"column":null}},"31":{"start":{"line":84,"column":6},"end":{"line":84,"column":null}},"32":{"start":{"line":86,"column":6},"end":{"line":86,"column":null}},"33":{"start":{"line":87,"column":6},"end":{"line":87,"column":null}},"34":{"start":{"line":95,"column":4},"end":{"line":100,"column":null}},"35":{"start":{"line":96,"column":6},"end":{"line":96,"column":null}},"36":{"start":{"line":96,"column":68},"end":{"line":96,"column":99}},"37":{"start":{"line":98,"column":6},"end":{"line":98,"column":null}},"38":{"start":{"line":99,"column":6},"end":{"line":99,"column":null}},"39":{"start":{"line":107,"column":4},"end":{"line":116,"column":null}},"40":{"start":{"line":108,"column":6},"end":{"line":112,"column":null}},"41":{"start":{"line":110,"column":20},"end":{"line":110,"column":null}},"42":{"start":{"line":114,"column":6},"end":{"line":114,"column":null}},"43":{"start":{"line":115,"column":6},"end":{"line":115,"column":null}},"44":{"start":{"line":123,"column":18},"end":{"line":123,"column":null}},"45":{"start":{"line":124,"column":26},"end":{"line":127,"column":null}},"46":{"start":{"line":128,"column":4},"end":{"line":135,"column":null}},"47":{"start":{"line":129,"column":28},"end":{"line":129,"column":null}},"48":{"start":{"line":130,"column":6},"end":{"line":130,"column":null}},"49":{"start":{"line":131,"column":6},"end":{"line":131,"column":null}},"50":{"start":{"line":133,"column":6},"end":{"line":133,"column":null}},"51":{"start":{"line":134,"column":6},"end":{"line":134,"column":null}},"52":{"start":{"line":142,"column":22},"end":{"line":142,"column":null}},"53":{"start":{"line":142,"column":52},"end":{"line":142,"column":66}},"54":{"start":{"line":143,"column":4},"end":{"line":143,"column":null}},"55":{"start":{"line":143,"column":26},"end":{"line":143,"column":null}},"56":{"start":{"line":145,"column":24},"end":{"line":145,"column":null}},"57":{"start":{"line":146,"column":4},"end":{"line":153,"column":null}},"58":{"start":{"line":147,"column":28},"end":{"line":147,"column":null}},"59":{"start":{"line":148,"column":6},"end":{"line":148,"column":null}},"60":{"start":{"line":149,"column":6},"end":{"line":149,"column":null}},"61":{"start":{"line":151,"column":6},"end":{"line":151,"column":null}},"62":{"start":{"line":152,"column":6},"end":{"line":152,"column":null}},"63":{"start":{"line":160,"column":22},"end":{"line":160,"column":null}},"64":{"start":{"line":160,"column":52},"end":{"line":160,"column":66}},"65":{"start":{"line":161,"column":4},"end":{"line":161,"column":null}},"66":{"start":{"line":161,"column":26},"end":{"line":161,"column":null}},"67":{"start":{"line":162,"column":4},"end":{"line":162,"column":null}},"68":{"start":{"line":163,"column":4},"end":{"line":163,"column":null}},"69":{"start":{"line":170,"column":4},"end":{"line":188,"column":null}},"70":{"start":{"line":171,"column":20},"end":{"line":171,"column":null}},"71":{"start":{"line":173,"column":6},"end":{"line":175,"column":null}},"72":{"start":{"line":174,"column":8},"end":{"line":174,"column":null}},"73":{"start":{"line":174,"column":43},"end":{"line":174,"column":61}},"74":{"start":{"line":177,"column":19},"end":{"line":177,"column":null}},"75":{"start":{"line":178,"column":23},"end":{"line":182,"column":null}},"76":{"start":{"line":180,"column":10},"end":{"line":181,"column":null}},"77":{"start":{"line":184,"column":6},"end":{"line":184,"column":null}},"78":{"start":{"line":186,"column":6},"end":{"line":186,"column":null}},"79":{"start":{"line":187,"column":6},"end":{"line":187,"column":null}},"80":{"start":{"line":195,"column":4},"end":{"line":200,"column":null}},"81":{"start":{"line":196,"column":37},"end":{"line":196,"column":55}},"82":{"start":{"line":197,"column":39},"end":{"line":197,"column":59}},"83":{"start":{"line":198,"column":39},"end":{"line":198,"column":59}},"84":{"start":{"line":199,"column":39},"end":{"line":199,"column":59}},"85":{"start":{"line":207,"column":17},"end":{"line":207,"column":null}},"86":{"start":{"line":207,"column":39},"end":{"line":207,"column":54}},"87":{"start":{"line":208,"column":4},"end":{"line":208,"column":null}},"88":{"start":{"line":208,"column":15},"end":{"line":208,"column":null}},"89":{"start":{"line":210,"column":4},"end":{"line":212,"column":null}},"90":{"start":{"line":211,"column":6},"end":{"line":211,"column":null}},"91":{"start":{"line":214,"column":4},"end":{"line":219,"column":null}},"92":{"start":{"line":215,"column":6},"end":{"line":215,"column":null}},"93":{"start":{"line":217,"column":6},"end":{"line":217,"column":null}},"94":{"start":{"line":218,"column":6},"end":{"line":218,"column":null}},"95":{"start":{"line":226,"column":17},"end":{"line":226,"column":null}},"96":{"start":{"line":226,"column":39},"end":{"line":226,"column":54}},"97":{"start":{"line":227,"column":4},"end":{"line":227,"column":null}},"98":{"start":{"line":227,"column":15},"end":{"line":227,"column":null}},"99":{"start":{"line":229,"column":4},"end":{"line":229,"column":null}},"100":{"start":{"line":229,"column":48},"end":{"line":229,"column":61}},"101":{"start":{"line":231,"column":4},"end":{"line":236,"column":null}},"102":{"start":{"line":232,"column":6},"end":{"line":232,"column":null}},"103":{"start":{"line":234,"column":6},"end":{"line":234,"column":null}},"104":{"start":{"line":235,"column":6},"end":{"line":235,"column":null}}},"fnMap":{"0":{"name":"(anonymous_0)","decl":{"start":{"line":16,"column":17},"end":{"line":16,"column":18}},"loc":{"start":{"line":16,"column":42},"end":{"line":18,"column":null}},"line":16},"1":{"name":"(anonymous_1)","decl":{"start":{"line":23,"column":18},"end":{"line":23,"column":19}},"loc":{"start":{"line":23,"column":48},"end":{"line":25,"column":null}},"line":23},"2":{"name":"(anonymous_2)","decl":{"start":{"line":24,"column":21},"end":{"line":24,"column":22}},"loc":{"start":{"line":24,"column":28},"end":{"line":24,"column":57}},"line":24},"3":{"name":"(anonymous_3)","decl":{"start":{"line":30,"column":15},"end":{"line":30,"column":29}},"loc":{"start":{"line":30,"column":29},"end":{"line":37,"column":null}},"line":30},"4":{"name":"(anonymous_4)","decl":{"start":{"line":42,"column":18},"end":{"line":42,"column":19}},"loc":{"start":{"line":42,"column":46},"end":{"line":49,"column":null}},"line":42},"5":{"name":"(anonymous_5)","decl":{"start":{"line":44,"column":58},"end":{"line":44,"column":59}},"loc":{"start":{"line":44,"column":68},"end":{"line":44,"column":86}},"line":44},"6":{"name":"(anonymous_6)","decl":{"start":{"line":54,"column":22},"end":{"line":54,"column":36}},"loc":{"start":{"line":54,"column":36},"end":{"line":61,"column":null}},"line":54},"7":{"name":"(anonymous_7)","decl":{"start":{"line":56,"column":58},"end":{"line":56,"column":59}},"loc":{"start":{"line":56,"column":68},"end":{"line":56,"column":91}},"line":56},"8":{"name":"(anonymous_8)","decl":{"start":{"line":66,"column":15},"end":{"line":66,"column":16}},"loc":{"start":{"line":66,"column":44},"end":{"line":75,"column":null}},"line":66},"9":{"name":"(anonymous_9)","decl":{"start":{"line":67,"column":32},"end":{"line":67,"column":33}},"loc":{"start":{"line":67,"column":42},"end":{"line":67,"column":56}},"line":67},"10":{"name":"(anonymous_10)","decl":{"start":{"line":80,"column":18},"end":{"line":80,"column":19}},"loc":{"start":{"line":80,"column":50},"end":{"line":89,"column":null}},"line":80},"11":{"name":"(anonymous_11)","decl":{"start":{"line":81,"column":32},"end":{"line":81,"column":33}},"loc":{"start":{"line":81,"column":42},"end":{"line":81,"column":62}},"line":81},"12":{"name":"(anonymous_12)","decl":{"start":{"line":94,"column":21},"end":{"line":94,"column":22}},"loc":{"start":{"line":94,"column":55},"end":{"line":101,"column":null}},"line":94},"13":{"name":"(anonymous_13)","decl":{"start":{"line":96,"column":58},"end":{"line":96,"column":59}},"loc":{"start":{"line":96,"column":68},"end":{"line":96,"column":99}},"line":96},"14":{"name":"(anonymous_14)","decl":{"start":{"line":106,"column":24},"end":{"line":106,"column":25}},"loc":{"start":{"line":106,"column":58},"end":{"line":117,"column":null}},"line":106},"15":{"name":"(anonymous_15)","decl":{"start":{"line":110,"column":10},"end":{"line":110,"column":11}},"loc":{"start":{"line":110,"column":20},"end":{"line":110,"column":null}},"line":110},"16":{"name":"(anonymous_16)","decl":{"start":{"line":122,"column":14},"end":{"line":122,"column":15}},"loc":{"start":{"line":122,"column":52},"end":{"line":136,"column":null}},"line":122},"17":{"name":"(anonymous_17)","decl":{"start":{"line":141,"column":14},"end":{"line":141,"column":15}},"loc":{"start":{"line":141,"column":67},"end":{"line":154,"column":null}},"line":141},"18":{"name":"(anonymous_18)","decl":{"start":{"line":142,"column":42},"end":{"line":142,"column":43}},"loc":{"start":{"line":142,"column":52},"end":{"line":142,"column":66}},"line":142},"19":{"name":"(anonymous_19)","decl":{"start":{"line":159,"column":14},"end":{"line":159,"column":15}},"loc":{"start":{"line":159,"column":39},"end":{"line":164,"column":null}},"line":159},"20":{"name":"(anonymous_20)","decl":{"start":{"line":160,"column":42},"end":{"line":160,"column":43}},"loc":{"start":{"line":160,"column":52},"end":{"line":160,"column":66}},"line":160},"21":{"name":"(anonymous_21)","decl":{"start":{"line":169,"column":15},"end":{"line":169,"column":16}},"loc":{"start":{"line":169,"column":64},"end":{"line":189,"column":null}},"line":169},"22":{"name":"(anonymous_22)","decl":{"start":{"line":174,"column":33},"end":{"line":174,"column":34}},"loc":{"start":{"line":174,"column":43},"end":{"line":174,"column":61}},"line":174},"23":{"name":"(anonymous_23)","decl":{"start":{"line":179,"column":8},"end":{"line":179,"column":9}},"loc":{"start":{"line":180,"column":10},"end":{"line":181,"column":null}},"line":180},"24":{"name":"(anonymous_24)","decl":{"start":{"line":194,"column":22},"end":{"line":194,"column":54}},"loc":{"start":{"line":194,"column":54},"end":{"line":201,"column":null}},"line":194},"25":{"name":"(anonymous_25)","decl":{"start":{"line":196,"column":30},"end":{"line":196,"column":31}},"loc":{"start":{"line":196,"column":37},"end":{"line":196,"column":55}},"line":196},"26":{"name":"(anonymous_26)","decl":{"start":{"line":197,"column":32},"end":{"line":197,"column":33}},"loc":{"start":{"line":197,"column":39},"end":{"line":197,"column":59}},"line":197},"27":{"name":"(anonymous_27)","decl":{"start":{"line":198,"column":32},"end":{"line":198,"column":33}},"loc":{"start":{"line":198,"column":39},"end":{"line":198,"column":59}},"line":198},"28":{"name":"(anonymous_28)","decl":{"start":{"line":199,"column":32},"end":{"line":199,"column":33}},"loc":{"start":{"line":199,"column":39},"end":{"line":199,"column":59}},"line":199},"29":{"name":"(anonymous_29)","decl":{"start":{"line":206,"column":20},"end":{"line":206,"column":21}},"loc":{"start":{"line":206,"column":75},"end":{"line":220,"column":null}},"line":206},"30":{"name":"(anonymous_30)","decl":{"start":{"line":207,"column":32},"end":{"line":207,"column":33}},"loc":{"start":{"line":207,"column":39},"end":{"line":207,"column":54}},"line":207},"31":{"name":"(anonymous_31)","decl":{"start":{"line":225,"column":25},"end":{"line":225,"column":26}},"loc":{"start":{"line":225,"column":80},"end":{"line":237,"column":null}},"line":225},"32":{"name":"(anonymous_32)","decl":{"start":{"line":226,"column":32},"end":{"line":226,"column":33}},"loc":{"start":{"line":226,"column":39},"end":{"line":226,"column":54}},"line":226},"33":{"name":"(anonymous_33)","decl":{"start":{"line":229,"column":41},"end":{"line":229,"column":42}},"loc":{"start":{"line":229,"column":48},"end":{"line":229,"column":61}},"line":229}},"branchMap":{"0":{"loc":{"start":{"line":68,"column":4},"end":{"line":68,"column":null}},"type":"if","locations":[{"start":{"line":68,"column":4},"end":{"line":68,"column":null}},{"start":{},"end":{}}],"line":68},"1":{"loc":{"start":{"line":82,"column":4},"end":{"line":82,"column":null}},"type":"if","locations":[{"start":{"line":82,"column":4},"end":{"line":82,"column":null}},{"start":{},"end":{}}],"line":82},"2":{"loc":{"start":{"line":110,"column":20},"end":{"line":110,"column":null}},"type":"binary-expr","locations":[{"start":{"line":110,"column":20},"end":{"line":110,"column":47}},{"start":{"line":110,"column":47},"end":{"line":110,"column":null}}],"line":110},"3":{"loc":{"start":{"line":143,"column":4},"end":{"line":143,"column":null}},"type":"if","locations":[{"start":{"line":143,"column":4},"end":{"line":143,"column":null}},{"start":{},"end":{}}],"line":143},"4":{"loc":{"start":{"line":161,"column":4},"end":{"line":161,"column":null}},"type":"if","locations":[{"start":{"line":161,"column":4},"end":{"line":161,"column":null}},{"start":{},"end":{}}],"line":161},"5":{"loc":{"start":{"line":173,"column":6},"end":{"line":175,"column":null}},"type":"if","locations":[{"start":{"line":173,"column":6},"end":{"line":175,"column":null}},{"start":{},"end":{}}],"line":173},"6":{"loc":{"start":{"line":180,"column":10},"end":{"line":181,"column":null}},"type":"binary-expr","locations":[{"start":{"line":180,"column":10},"end":{"line":180,"column":null}},{"start":{"line":181,"column":10},"end":{"line":181,"column":null}}],"line":180},"7":{"loc":{"start":{"line":208,"column":4},"end":{"line":208,"column":null}},"type":"if","locations":[{"start":{"line":208,"column":4},"end":{"line":208,"column":null}},{"start":{},"end":{}}],"line":208},"8":{"loc":{"start":{"line":210,"column":4},"end":{"line":212,"column":null}},"type":"if","locations":[{"start":{"line":210,"column":4},"end":{"line":212,"column":null}},{"start":{},"end":{}}],"line":210},"9":{"loc":{"start":{"line":227,"column":4},"end":{"line":227,"column":null}},"type":"if","locations":[{"start":{"line":227,"column":4},"end":{"line":227,"column":null}},{"start":{},"end":{}}],"line":227}},"s":{"0":1,"1":53,"2":15,"3":47,"4":2,"5":2,"6":0,"7":0,"8":3,"9":3,"10":28,"11":0,"12":0,"13":2,"14":2,"15":20,"16":0,"17":0,"18":3,"19":20,"20":3,"21":2,"22":1,"23":1,"24":0,"25":0,"26":2,"27":11,"28":2,"29":1,"30":1,"31":1,"32":0,"33":0,"34":0,"35":0,"36":0,"37":0,"38":0,"39":0,"40":0,"41":0,"42":0,"43":0,"44":1,"45":1,"46":1,"47":1,"48":1,"49":1,"50":0,"51":0,"52":5,"53":23,"54":5,"55":2,"56":3,"57":3,"58":3,"59":3,"60":3,"61":0,"62":0,"63":2,"64":20,"65":2,"66":1,"67":1,"68":1,"69":8,"70":8,"71":8,"72":1,"73":10,"74":8,"75":8,"76":71,"77":8,"78":0,"79":0,"80":1,"81":10,"82":10,"83":10,"84":10,"85":0,"86":0,"87":0,"88":0,"89":0,"90":0,"91":0,"92":0,"93":0,"94":0,"95":0,"96":0,"97":0,"98":0,"99":0,"100":0,"101":0,"102":0,"103":0,"104":0},"f":{"0":53,"1":15,"2":47,"3":2,"4":3,"5":28,"6":2,"7":20,"8":3,"9":20,"10":2,"11":11,"12":0,"13":0,"14":0,"15":0,"16":1,"17":5,"18":23,"19":2,"20":20,"21":8,"22":10,"23":71,"24":1,"25":10,"26":10,"27":10,"28":10,"29":0,"30":0,"31":0,"32":0,"33":0},"b":{"0":[2,1],"1":[1,1],"2":[0,0],"3":[2,3],"4":[1,1],"5":[1,7],"6":[71,65],"7":[0,0],"8":[0,0],"9":[0,0]},"meta":{"lastBranch":10,"lastFunction":34,"lastStatement":105,"seen":{"s:11:28:238:Infinity":0,"f:16:17:16:18":0,"s:17:4:17:Infinity":1,"f:23:18:23:19":1,"s:24:4:24:Infinity":2,"f:24:21:24:22":2,"s:24:28:24:57":3,"f:30:15:30:29":3,"s:31:4:36:Infinity":4,"s:32:6:32:Infinity":5,"s:34:6:34:Infinity":6,"s:35:6:35:Infinity":7,"f:42:18:42:19":4,"s:43:4:48:Infinity":8,"s:44:6:44:Infinity":9,"f:44:58:44:59":5,"s:44:68:44:86":10,"s:46:6:46:Infinity":11,"s:47:6:47:Infinity":12,"f:54:22:54:36":6,"s:55:4:60:Infinity":13,"s:56:6:56:Infinity":14,"f:56:58:56:59":7,"s:56:68:56:91":15,"s:58:6:58:Infinity":16,"s:59:6:59:Infinity":17,"f:66:15:66:16":8,"s:67:17:67:Infinity":18,"f:67:32:67:33":9,"s:67:42:67:56":19,"b:68:4:68:Infinity:undefined:undefined:undefined:undefined":0,"s:68:4:68:Infinity":20,"s:68:15:68:Infinity":21,"s:69:4:74:Infinity":22,"s:70:6:70:Infinity":23,"s:72:6:72:Infinity":24,"s:73:6:73:Infinity":25,"f:80:18:80:19":10,"s:81:17:81:Infinity":26,"f:81:32:81:33":11,"s:81:42:81:62":27,"b:82:4:82:Infinity:undefined:undefined:undefined:undefined":1,"s:82:4:82:Infinity":28,"s:82:15:82:Infinity":29,"s:83:4:88:Infinity":30,"s:84:6:84:Infinity":31,"s:86:6:86:Infinity":32,"s:87:6:87:Infinity":33,"f:94:21:94:22":12,"s:95:4:100:Infinity":34,"s:96:6:96:Infinity":35,"f:96:58:96:59":13,"s:96:68:96:99":36,"s:98:6:98:Infinity":37,"s:99:6:99:Infinity":38,"f:106:24:106:25":14,"s:107:4:116:Infinity":39,"s:108:6:112:Infinity":40,"f:110:10:110:11":15,"s:110:20:110:Infinity":41,"b:110:20:110:47:110:47:110:Infinity":2,"s:114:6:114:Infinity":42,"s:115:6:115:Infinity":43,"f:122:14:122:15":16,"s:123:18:123:Infinity":44,"s:124:26:127:Infinity":45,"s:128:4:135:Infinity":46,"s:129:28:129:Infinity":47,"s:130:6:130:Infinity":48,"s:131:6:131:Infinity":49,"s:133:6:133:Infinity":50,"s:134:6:134:Infinity":51,"f:141:14:141:15":17,"s:142:22:142:Infinity":52,"f:142:42:142:43":18,"s:142:52:142:66":53,"b:143:4:143:Infinity:undefined:undefined:undefined:undefined":3,"s:143:4:143:Infinity":54,"s:143:26:143:Infinity":55,"s:145:24:145:Infinity":56,"s:146:4:153:Infinity":57,"s:147:28:147:Infinity":58,"s:148:6:148:Infinity":59,"s:149:6:149:Infinity":60,"s:151:6:151:Infinity":61,"s:152:6:152:Infinity":62,"f:159:14:159:15":19,"s:160:22:160:Infinity":63,"f:160:42:160:43":20,"s:160:52:160:66":64,"b:161:4:161:Infinity:undefined:undefined:undefined:undefined":4,"s:161:4:161:Infinity":65,"s:161:26:161:Infinity":66,"s:162:4:162:Infinity":67,"s:163:4:163:Infinity":68,"f:169:15:169:16":21,"s:170:4:188:Infinity":69,"s:171:20:171:Infinity":70,"b:173:6:175:Infinity:undefined:undefined:undefined:undefined":5,"s:173:6:175:Infinity":71,"s:174:8:174:Infinity":72,"f:174:33:174:34":22,"s:174:43:174:61":73,"s:177:19:177:Infinity":74,"s:178:23:182:Infinity":75,"f:179:8:179:9":23,"s:180:10:181:Infinity":76,"b:180:10:180:Infinity:181:10:181:Infinity":6,"s:184:6:184:Infinity":77,"s:186:6:186:Infinity":78,"s:187:6:187:Infinity":79,"f:194:22:194:54":24,"s:195:4:200:Infinity":80,"f:196:30:196:31":25,"s:196:37:196:55":81,"f:197:32:197:33":26,"s:197:39:197:59":82,"f:198:32:198:33":27,"s:198:39:198:59":83,"f:199:32:199:33":28,"s:199:39:199:59":84,"f:206:20:206:21":29,"s:207:17:207:Infinity":85,"f:207:32:207:33":30,"s:207:39:207:54":86,"b:208:4:208:Infinity:undefined:undefined:undefined:undefined":7,"s:208:4:208:Infinity":87,"s:208:15:208:Infinity":88,"b:210:4:212:Infinity:undefined:undefined:undefined:undefined":8,"s:210:4:212:Infinity":89,"s:211:6:211:Infinity":90,"s:214:4:219:Infinity":91,"s:215:6:215:Infinity":92,"s:217:6:217:Infinity":93,"s:218:6:218:Infinity":94,"f:225:25:225:26":31,"s:226:17:226:Infinity":95,"f:226:32:226:33":32,"s:226:39:226:54":96,"b:227:4:227:Infinity:undefined:undefined:undefined:undefined":9,"s:227:4:227:Infinity":97,"s:227:15:227:Infinity":98,"s:229:4:229:Infinity":99,"f:229:41:229:42":33,"s:229:48:229:61":100,"s:231:4:236:Infinity":101,"s:232:6:232:Infinity":102,"s:234:6:234:Infinity":103,"s:235:6:235:Infinity":104}}}
}
