TN:
SF:src/hooks/useDataList.ts
FN:31,useDataList
FNF:1
FNH:1
FNDA:33,useDataList
DA:42,33
DA:45,33
DA:48,33
DA:51,33
DA:54,33
DA:57,33
LF:6
LH:6
BRDA:33,0,0,33
BRDA:36,1,0,33
BRDA:37,2,0,33
BRDA:38,3,0,33
BRDA:39,4,0,33
BRDA:40,5,0,33
BRDA:41,6,0,33
BRF:7
BRH:7
end_of_record
TN:
SF:src/hooks/useFilter.ts
FN:9,useFilter
FN:15,(anonymous_1)
FN:16,(anonymous_2)
FN:19,(anonymous_3)
FN:20,(anonymous_4)
FN:27,(anonymous_5)
FN:31,(anonymous_6)
FN:32,(anonymous_7)
FN:33,(anonymous_8)
FNF:9
FNH:9
FNDA:62,useFilter
FNDA:8,(anonymous_1)
FNDA:8,(anonymous_2)
FNDA:5,(anonymous_3)
FNDA:5,(anonymous_4)
FNDA:1,(anonymous_5)
FNDA:43,(anonymous_6)
FNDA:256,(anonymous_7)
FNDA:86,(anonymous_8)
DA:13,62
DA:15,62
DA:16,8
DA:19,62
DA:20,5
DA:21,5
DA:22,5
DA:23,5
DA:27,62
DA:28,1
DA:31,62
DA:32,43
DA:33,256
DA:34,86
DA:36,86
DA:39,86
DA:40,0
DA:44,86
DA:49,62
LF:19
LH:18
BRDA:11,0,0,62
BRDA:34,1,0,0
BRDA:34,1,1,86
BRDA:34,2,0,86
BRDA:34,2,1,86
BRDA:34,2,2,86
BRDA:39,3,0,0
BRDA:39,3,1,86
BRF:8
BRH:6
end_of_record
TN:
SF:src/hooks/usePagination.ts
FN:9,usePagination
FN:12,(anonymous_1)
FN:16,(anonymous_2)
FN:23,(anonymous_3)
FN:30,(anonymous_4)
FN:34,(anonymous_5)
FN:38,(anonymous_6)
FNF:7
FNH:6
FNDA:59,usePagination
FNDA:36,(anonymous_1)
FNDA:58,(anonymous_2)
FNDA:19,(anonymous_3)
FNDA:4,(anonymous_4)
FNDA:3,(anonymous_5)
FNDA:0,(anonymous_6)
DA:10,59
DA:12,59
DA:13,36
DA:16,59
DA:17,58
DA:18,58
DA:19,58
DA:22,59
DA:24,19
DA:25,19
DA:30,59
DA:31,4
DA:34,59
DA:35,3
DA:38,59
DA:39,0
DA:42,59
DA:43,59
DA:45,59
LF:19
LH:18
BRDA:9,0,0,59
BRF:1
BRH:1
end_of_record
TN:
SF:src/hooks/useSearch.ts
FN:9,useSearch
FN:15,(anonymous_1)
FN:22,(anonymous_2)
FN:23,(anonymous_3)
FN:33,(anonymous_4)
FN:37,(anonymous_5)
FNF:6
FNH:6
FNDA:53,useSearch
FNDA:53,(anonymous_1)
FNDA:126,(anonymous_2)
FNDA:130,(anonymous_3)
FNDA:16,(anonymous_4)
FNDA:5,(anonymous_5)
DA:13,53
DA:15,53
DA:16,53
DA:17,35
DA:20,18
DA:22,18
DA:23,126
DA:24,130
DA:25,130
DA:27,130
DA:28,130
DA:33,53
DA:34,16
DA:37,53
DA:38,5
DA:41,53
LF:16
LH:16
BRDA:11,0,0,53
BRDA:16,1,0,35
BRDA:16,1,1,18
BRDA:16,2,0,53
BRDA:16,2,1,18
BRDA:25,3,0,0
BRDA:25,3,1,130
BRDA:25,4,0,130
BRDA:25,4,1,130
BRF:9
BRH:8
end_of_record
TN:
SF:src/hooks/useSort.ts
FN:12,useSort
FN:20,(anonymous_1)
FN:23,(anonymous_2)
FN:49,(anonymous_3)
FN:50,(anonymous_4)
FN:53,(anonymous_5)
FN:62,(anonymous_6)
FNF:7
FNH:7
FNDA:51,useSort
FNDA:46,(anonymous_1)
FNDA:318,(anonymous_2)
FNDA:4,(anonymous_3)
FNDA:4,(anonymous_4)
FNDA:3,(anonymous_5)
FNDA:4,(anonymous_6)
DA:17,51
DA:18,51
DA:20,51
DA:21,46
DA:23,26
DA:24,318
DA:25,318
DA:28,318
DA:29,11
DA:35,307
DA:36,290
DA:41,17
DA:42,17
DA:45,0
DA:49,51
DA:50,4
DA:51,4
DA:53,3
DA:54,3
DA:57,1
DA:58,1
DA:62,51
DA:63,4
DA:64,4
DA:67,51
LF:25
LH:24
BRDA:15,0,0,51
BRDA:17,1,0,51
BRDA:17,1,1,20
BRDA:21,2,0,20
BRDA:21,2,1,26
BRDA:28,3,0,11
BRDA:28,3,1,307
BRDA:28,4,0,318
BRDA:28,4,1,11
BRDA:29,5,0,5
BRDA:29,5,1,6
BRDA:35,6,0,290
BRDA:35,6,1,17
BRDA:35,7,0,307
BRDA:35,7,1,290
BRDA:36,8,0,195
BRDA:36,8,1,95
BRDA:41,9,0,17
BRDA:41,9,1,0
BRDA:41,10,0,17
BRDA:41,10,1,17
BRDA:42,11,0,12
BRDA:42,11,1,5
BRDA:51,12,0,3
BRDA:51,12,1,1
BRDA:53,13,0,3
BRDA:53,13,1,0
BRF:27
BRH:25
end_of_record
TN:
SF:src/schemas/appointment.schema.ts
FNF:0
FNH:0
DA:3,4
DA:14,4
DA:32,4
DA:41,4
DA:48,4
DA:55,4
DA:69,4
LF:7
LH:7
BRF:0
BRH:0
end_of_record
TN:
SF:src/schemas/athlete.schema.ts
FNF:0
FNH:0
DA:4,4
DA:15,4
DA:27,4
DA:39,4
DA:49,4
LF:5
LH:5
BRF:0
BRH:0
end_of_record
TN:
SF:src/schemas/auth.schema.ts
FNF:0
FNH:0
DA:6,4
DA:16,4
DA:40,4
DA:49,4
LF:4
LH:4
BRF:0
BRH:0
end_of_record
TN:
SF:src/schemas/index.ts
FNF:0
FNH:0
DA:7,4
DA:10,4
DA:13,4
DA:16,4
DA:19,4
DA:22,4
LF:6
LH:6
BRF:0
BRH:0
end_of_record
TN:
SF:src/schemas/news.schema.ts
FNF:0
FNH:0
DA:3,4
DA:11,4
DA:16,4
DA:33,4
DA:45,4
DA:68,4
DA:82,4
DA:89,4
LF:8
LH:8
BRF:0
BRH:0
end_of_record
TN:
SF:src/schemas/profile.schema.ts
FNF:0
FNH:0
DA:3,4
DA:14,4
DA:25,4
DA:35,4
DA:55,4
DA:62,4
DA:69,4
LF:7
LH:7
BRF:0
BRH:0
end_of_record
TN:
SF:src/schemas/user.schema.ts
FNF:0
FNH:0
DA:3,4
DA:11,4
DA:13,4
DA:23,4
DA:38,4
DA:49,4
DA:68,4
DA:75,4
DA:86,4
DA:96,4
DA:106,4
DA:113,4
LF:12
LH:12
BRF:0
BRH:0
end_of_record
TN:
SF:src/services/appointments.service.ts
FN:17,(anonymous_0)
FN:24,(anonymous_1)
FN:25,(anonymous_2)
FN:31,(anonymous_3)
FN:43,(anonymous_4)
FN:44,(anonymous_5)
FN:57,(anonymous_6)
FN:59,(anonymous_7)
FN:69,(anonymous_8)
FN:71,(anonymous_9)
FN:81,(anonymous_10)
FN:83,(anonymous_11)
FN:93,(anonymous_12)
FN:95,(anonymous_13)
FN:105,(anonymous_14)
FN:112,(anonymous_15)
FN:119,(anonymous_16)
FN:125,(anonymous_17)
FN:129,(anonymous_18)
FN:130,(anonymous_19)
FN:142,(anonymous_20)
FN:146,(anonymous_21)
FN:156,(anonymous_22)
FN:175,(anonymous_23)
FN:179,(anonymous_24)
FN:196,(anonymous_25)
FN:197,(anonymous_26)
FN:206,(anonymous_27)
FN:213,(anonymous_28)
FN:220,(anonymous_29)
FN:227,(anonymous_30)
FN:241,(anonymous_31)
FN:245,(anonymous_32)
FN:249,(anonymous_33)
FN:253,(anonymous_34)
FN:257,(anonymous_35)
FN:261,(anonymous_36)
FN:274,(anonymous_37)
FN:276,(anonymous_38)
FN:277,(anonymous_39)
FN:278,(anonymous_40)
FN:295,(anonymous_41)
FN:299,(anonymous_42)
FNF:43
FNH:31
FNDA:34,(anonymous_0)
FNDA:11,(anonymous_1)
FNDA:29,(anonymous_2)
FNDA:2,(anonymous_3)
FNDA:2,(anonymous_4)
FNDA:6,(anonymous_5)
FNDA:1,(anonymous_6)
FNDA:5,(anonymous_7)
FNDA:1,(anonymous_8)
FNDA:5,(anonymous_9)
FNDA:0,(anonymous_10)
FNDA:0,(anonymous_11)
FNDA:1,(anonymous_12)
FNDA:5,(anonymous_13)
FNDA:1,(anonymous_14)
FNDA:1,(anonymous_15)
FNDA:5,(anonymous_16)
FNDA:0,(anonymous_17)
FNDA:0,(anonymous_18)
FNDA:0,(anonymous_19)
FNDA:3,(anonymous_20)
FNDA:15,(anonymous_21)
FNDA:1,(anonymous_22)
FNDA:4,(anonymous_23)
FNDA:8,(anonymous_24)
FNDA:2,(anonymous_25)
FNDA:6,(anonymous_26)
FNDA:0,(anonymous_27)
FNDA:1,(anonymous_28)
FNDA:1,(anonymous_29)
FNDA:3,(anonymous_30)
FNDA:10,(anonymous_31)
FNDA:0,(anonymous_32)
FNDA:0,(anonymous_33)
FNDA:7,(anonymous_34)
FNDA:0,(anonymous_35)
FNDA:0,(anonymous_36)
FNDA:1,(anonymous_37)
FNDA:5,(anonymous_38)
FNDA:5,(anonymous_39)
FNDA:5,(anonymous_40)
FNDA:0,(anonymous_41)
FNDA:0,(anonymous_42)
DA:12,1
DA:18,34
DA:25,29
DA:32,2
DA:33,2
DA:35,0
DA:36,0
DA:44,6
DA:45,2
DA:46,1
DA:47,1
DA:49,0
DA:50,0
DA:58,1
DA:59,5
DA:61,0
DA:62,0
DA:70,1
DA:71,5
DA:73,0
DA:74,0
DA:82,0
DA:83,0
DA:85,0
DA:86,0
DA:94,1
DA:95,5
DA:97,0
DA:98,0
DA:106,1
DA:113,1
DA:114,1
DA:115,1
DA:116,1
DA:117,1
DA:119,5
DA:126,0
DA:127,0
DA:128,0
DA:129,0
DA:130,0
DA:132,0
DA:134,0
DA:135,0
DA:145,3
DA:146,15
DA:148,0
DA:149,0
DA:157,1
DA:158,1
DA:162,1
DA:163,1
DA:164,1
DA:165,1
DA:167,0
DA:168,0
DA:179,8
DA:180,4
DA:182,3
DA:183,3
DA:184,3
DA:185,3
DA:186,3
DA:188,0
DA:189,0
DA:197,6
DA:198,2
DA:199,1
DA:200,1
DA:207,0
DA:214,1
DA:221,1
DA:237,3
DA:238,3
DA:240,3
DA:241,10
DA:244,3
DA:245,0
DA:248,3
DA:249,0
DA:252,3
DA:253,7
DA:256,3
DA:257,0
DA:260,3
DA:261,0
DA:264,3
DA:266,0
DA:267,0
DA:275,1
DA:276,5
DA:277,5
DA:278,5
DA:279,1
DA:280,1
DA:282,1
DA:296,0
DA:297,0
DA:299,0
DA:300,0
DA:301,0
DA:303,0
DA:306,0
LF:103
LH:61
BRDA:45,0,0,1
BRDA:45,0,1,1
BRDA:119,1,0,5
BRDA:119,1,1,0
BRDA:125,2,0,0
BRDA:129,3,0,0
BRDA:129,3,1,0
BRDA:180,4,0,1
BRDA:180,4,1,3
BRDA:198,5,0,1
BRDA:198,5,1,1
BRDA:240,6,0,2
BRDA:240,6,1,1
BRDA:244,7,0,0
BRDA:244,7,1,3
BRDA:248,8,0,0
BRDA:248,8,1,3
BRDA:252,9,0,2
BRDA:252,9,1,1
BRDA:256,10,0,0
BRDA:256,10,1,3
BRDA:260,11,0,0
BRDA:260,11,1,3
BRDA:300,12,0,0
BRDA:300,12,1,0
BRF:25
BRH:15
end_of_record
TN:
SF:src/services/auth.service.ts
FN:16,(anonymous_0)
FN:23,(anonymous_1)
FN:24,(anonymous_2)
FN:37,(anonymous_3)
FN:38,(anonymous_4)
FN:51,(anonymous_5)
FN:58,(anonymous_6)
FN:65,(anonymous_7)
FN:66,(anonymous_8)
FN:83,(anonymous_9)
FN:90,(anonymous_10)
FNF:11
FNH:10
FNDA:5,(anonymous_0)
FNDA:3,(anonymous_1)
FNDA:12,(anonymous_2)
FNDA:2,(anonymous_3)
FNDA:11,(anonymous_4)
FNDA:2,(anonymous_5)
FNDA:2,(anonymous_6)
FNDA:3,(anonymous_7)
FNDA:12,(anonymous_8)
FNDA:1,(anonymous_9)
FNDA:0,(anonymous_10)
DA:11,1
DA:17,5
DA:24,12
DA:25,3
DA:26,2
DA:27,2
DA:29,0
DA:30,0
DA:38,11
DA:39,2
DA:40,1
DA:41,1
DA:43,0
DA:44,0
DA:52,2
DA:59,2
DA:66,12
DA:67,3
DA:69,2
DA:70,2
DA:72,2
DA:73,2
DA:75,0
DA:76,0
DA:84,1
DA:93,0
DA:99,0
LF:27
LH:19
BRDA:25,0,0,1
BRDA:25,0,1,2
BRDA:39,1,0,1
BRDA:39,1,1,1
BRDA:67,2,0,1
BRDA:67,2,1,2
BRF:6
BRH:6
end_of_record
TN:
SF:src/services/news.service.ts
FN:16,(anonymous_0)
FN:23,(anonymous_1)
FN:24,(anonymous_2)
FN:30,(anonymous_3)
FN:42,(anonymous_4)
FN:43,(anonymous_5)
FN:56,(anonymous_6)
FN:58,(anonymous_7)
FN:68,(anonymous_8)
FN:70,(anonymous_9)
FN:80,(anonymous_10)
FN:84,(anonymous_11)
FN:85,(anonymous_12)
FN:97,(anonymous_13)
FN:99,(anonymous_14)
FN:109,(anonymous_15)
FN:113,(anonymous_16)
FN:127,(anonymous_17)
FN:147,(anonymous_18)
FN:148,(anonymous_19)
FN:165,(anonymous_20)
FN:166,(anonymous_21)
FN:175,(anonymous_22)
FN:176,(anonymous_23)
FN:196,(anonymous_24)
FN:197,(anonymous_25)
FN:200,(anonymous_26)
FN:212,(anonymous_27)
FN:217,(anonymous_28)
FN:220,(anonymous_29)
FN:239,(anonymous_30)
FN:240,(anonymous_31)
FN:256,(anonymous_32)
FN:257,(anonymous_33)
FN:273,(anonymous_34)
FN:274,(anonymous_35)
FN:277,(anonymous_36)
FN:293,(anonymous_37)
FN:294,(anonymous_38)
FN:297,(anonymous_39)
FN:313,(anonymous_40)
FN:315,(anonymous_41)
FN:316,(anonymous_42)
FN:317,(anonymous_43)
FN:318,(anonymous_44)
FN:319,(anonymous_45)
FN:336,(anonymous_46)
FN:337,(anonymous_47)
FN:343,(anonymous_48)
FN:344,(anonymous_49)
FNF:50
FNH:40
FNDA:36,(anonymous_0)
FNDA:12,(anonymous_1)
FNDA:27,(anonymous_2)
FNDA:2,(anonymous_3)
FNDA:2,(anonymous_4)
FNDA:5,(anonymous_5)
FNDA:3,(anonymous_6)
FNDA:12,(anonymous_7)
FNDA:1,(anonymous_8)
FNDA:4,(anonymous_9)
FNDA:2,(anonymous_10)
FNDA:4,(anonymous_11)
FNDA:4,(anonymous_12)
FNDA:1,(anonymous_13)
FNDA:4,(anonymous_14)
FNDA:4,(anonymous_15)
FNDA:16,(anonymous_16)
FNDA:1,(anonymous_17)
FNDA:1,(anonymous_18)
FNDA:1,(anonymous_19)
FNDA:2,(anonymous_20)
FNDA:8,(anonymous_21)
FNDA:2,(anonymous_22)
FNDA:5,(anonymous_23)
FNDA:1,(anonymous_24)
FNDA:1,(anonymous_25)
FNDA:3,(anonymous_26)
FNDA:0,(anonymous_27)
FNDA:0,(anonymous_28)
FNDA:0,(anonymous_29)
FNDA:2,(anonymous_30)
FNDA:2,(anonymous_31)
FNDA:1,(anonymous_32)
FNDA:1,(anonymous_33)
FNDA:1,(anonymous_34)
FNDA:1,(anonymous_35)
FNDA:1,(anonymous_36)
FNDA:0,(anonymous_37)
FNDA:0,(anonymous_38)
FNDA:0,(anonymous_39)
FNDA:1,(anonymous_40)
FNDA:4,(anonymous_41)
FNDA:4,(anonymous_42)
FNDA:4,(anonymous_43)
FNDA:4,(anonymous_44)
FNDA:4,(anonymous_45)
FNDA:0,(anonymous_46)
FNDA:0,(anonymous_47)
FNDA:0,(anonymous_48)
FNDA:0,(anonymous_49)
DA:11,1
DA:17,36
DA:24,27
DA:31,2
DA:32,2
DA:34,0
DA:35,0
DA:43,5
DA:44,2
DA:45,1
DA:46,1
DA:48,0
DA:49,0
DA:57,3
DA:58,12
DA:60,0
DA:61,0
DA:69,1
DA:70,4
DA:72,0
DA:73,0
DA:81,2
DA:83,1
DA:84,1
DA:85,4
DA:87,1
DA:89,0
DA:90,0
DA:98,1
DA:99,4
DA:101,0
DA:102,0
DA:110,4
DA:111,4
DA:112,4
DA:114,16
DA:117,4
DA:119,0
DA:120,0
DA:128,1
DA:129,1
DA:134,1
DA:135,1
DA:136,1
DA:137,1
DA:139,0
DA:140,0
DA:148,1
DA:149,1
DA:151,1
DA:152,1
DA:153,1
DA:154,1
DA:155,1
DA:157,0
DA:158,0
DA:166,8
DA:167,2
DA:168,1
DA:169,1
DA:176,5
DA:177,2
DA:179,1
DA:184,1
DA:185,1
DA:186,1
DA:188,0
DA:189,0
DA:197,1
DA:198,1
DA:200,3
DA:201,1
DA:202,1
DA:204,0
DA:205,0
DA:217,0
DA:218,0
DA:220,0
DA:221,0
DA:223,0
DA:228,0
DA:229,0
DA:231,0
DA:232,0
DA:240,2
DA:241,2
DA:243,2
DA:244,2
DA:245,2
DA:246,2
DA:248,0
DA:249,0
DA:257,1
DA:258,1
DA:260,1
DA:261,1
DA:262,1
DA:263,1
DA:265,0
DA:266,0
DA:274,1
DA:275,1
DA:277,1
DA:278,1
DA:280,1
DA:281,1
DA:282,1
DA:283,1
DA:285,0
DA:286,0
DA:294,0
DA:295,0
DA:297,0
DA:298,0
DA:300,0
DA:301,0
DA:302,0
DA:303,0
DA:305,0
DA:306,0
DA:314,1
DA:315,4
DA:316,4
DA:317,4
DA:318,4
DA:319,4
DA:321,1
DA:337,0
DA:344,0
LF:129
LH:80
BRDA:44,0,0,1
BRDA:44,0,1,1
BRDA:81,1,0,1
BRDA:81,1,1,1
BRDA:114,2,0,16
BRDA:114,2,1,13
BRDA:149,3,0,0
BRDA:149,3,1,1
BRDA:167,4,0,1
BRDA:167,4,1,1
BRDA:177,5,0,1
BRDA:177,5,1,1
BRDA:198,6,0,0
BRDA:198,6,1,1
BRDA:218,7,0,0
BRDA:218,7,1,0
BRDA:221,8,0,0
BRDA:221,8,1,0
BRDA:241,9,0,0
BRDA:241,9,1,2
BRDA:258,10,0,0
BRDA:258,10,1,1
BRDA:275,11,0,0
BRDA:275,11,1,1
BRDA:278,12,0,0
BRDA:278,12,1,1
BRDA:295,13,0,0
BRDA:295,13,1,0
BRDA:298,14,0,0
BRDA:298,14,1,0
BRDA:328,15,0,1
BRDA:328,15,1,0
BRDA:329,16,0,1
BRDA:329,16,1,0
BRF:34
BRH:18
end_of_record
TN:
SF:src/services/users.service.ts
FN:16,(anonymous_0)
FN:23,(anonymous_1)
FN:24,(anonymous_2)
FN:30,(anonymous_3)
FN:42,(anonymous_4)
FN:44,(anonymous_5)
FN:54,(anonymous_6)
FN:56,(anonymous_7)
FN:66,(anonymous_8)
FN:67,(anonymous_9)
FN:80,(anonymous_10)
FN:81,(anonymous_11)
FN:94,(anonymous_12)
FN:96,(anonymous_13)
FN:106,(anonymous_14)
FN:110,(anonymous_15)
FN:122,(anonymous_16)
FN:141,(anonymous_17)
FN:142,(anonymous_18)
FN:159,(anonymous_19)
FN:160,(anonymous_20)
FN:169,(anonymous_21)
FN:174,(anonymous_22)
FN:179,(anonymous_23)
FN:194,(anonymous_24)
FN:196,(anonymous_25)
FN:197,(anonymous_26)
FN:198,(anonymous_27)
FN:199,(anonymous_28)
FN:206,(anonymous_29)
FN:207,(anonymous_30)
FN:225,(anonymous_31)
FN:226,(anonymous_32)
FN:229,(anonymous_33)
FNF:34
FNH:25
FNDA:53,(anonymous_0)
FNDA:15,(anonymous_1)
FNDA:47,(anonymous_2)
FNDA:2,(anonymous_3)
FNDA:3,(anonymous_4)
FNDA:28,(anonymous_5)
FNDA:2,(anonymous_6)
FNDA:20,(anonymous_7)
FNDA:3,(anonymous_8)
FNDA:20,(anonymous_9)
FNDA:2,(anonymous_10)
FNDA:11,(anonymous_11)
FNDA:0,(anonymous_12)
FNDA:0,(anonymous_13)
FNDA:0,(anonymous_14)
FNDA:0,(anonymous_15)
FNDA:1,(anonymous_16)
FNDA:5,(anonymous_17)
FNDA:23,(anonymous_18)
FNDA:2,(anonymous_19)
FNDA:20,(anonymous_20)
FNDA:8,(anonymous_21)
FNDA:10,(anonymous_22)
FNDA:71,(anonymous_23)
FNDA:1,(anonymous_24)
FNDA:10,(anonymous_25)
FNDA:10,(anonymous_26)
FNDA:10,(anonymous_27)
FNDA:10,(anonymous_28)
FNDA:0,(anonymous_29)
FNDA:0,(anonymous_30)
FNDA:0,(anonymous_31)
FNDA:0,(anonymous_32)
FNDA:0,(anonymous_33)
DA:11,1
DA:17,53
DA:24,47
DA:31,2
DA:32,2
DA:34,0
DA:35,0
DA:43,3
DA:44,28
DA:46,0
DA:47,0
DA:55,2
DA:56,20
DA:58,0
DA:59,0
DA:67,20
DA:68,3
DA:69,1
DA:70,1
DA:72,0
DA:73,0
DA:81,11
DA:82,2
DA:83,1
DA:84,1
DA:86,0
DA:87,0
DA:95,0
DA:96,0
DA:98,0
DA:99,0
DA:107,0
DA:108,0
DA:110,0
DA:114,0
DA:115,0
DA:123,1
DA:124,1
DA:128,1
DA:129,1
DA:130,1
DA:131,1
DA:133,0
DA:134,0
DA:142,23
DA:143,5
DA:145,3
DA:146,3
DA:147,3
DA:148,3
DA:149,3
DA:151,0
DA:152,0
DA:160,20
DA:161,2
DA:162,1
DA:163,1
DA:170,8
DA:171,8
DA:173,8
DA:174,10
DA:177,8
DA:178,8
DA:180,71
DA:184,8
DA:186,0
DA:187,0
DA:195,1
DA:196,10
DA:197,10
DA:198,10
DA:199,10
DA:207,0
DA:208,0
DA:210,0
DA:211,0
DA:214,0
DA:215,0
DA:217,0
DA:218,0
DA:226,0
DA:227,0
DA:229,0
DA:231,0
DA:232,0
DA:234,0
DA:235,0
LF:87
LH:47
BRDA:68,0,0,2
BRDA:68,0,1,1
BRDA:82,1,0,1
BRDA:82,1,1,1
BRDA:110,2,0,0
BRDA:110,2,1,0
BRDA:143,3,0,2
BRDA:143,3,1,3
BRDA:161,4,0,1
BRDA:161,4,1,1
BRDA:173,5,0,1
BRDA:173,5,1,7
BRDA:180,6,0,71
BRDA:180,6,1,65
BRDA:208,7,0,0
BRDA:208,7,1,0
BRDA:210,8,0,0
BRDA:210,8,1,0
BRDA:227,9,0,0
BRDA:227,9,1,0
BRF:20
BRH:12
end_of_record
